{"/home/travis/build/npmtest/node-npmtest-node-craigslist/test.js":{"path":"/home/travis/build/npmtest/node-npmtest-node-craigslist/test.js","s":{"1":2,"2":2,"3":2,"4":2,"5":2,"6":2,"7":2,"8":1,"9":2,"10":2,"11":1,"12":1,"13":1,"14":1,"15":2,"16":2,"17":2,"18":2,"19":1,"20":1,"21":2,"22":2,"23":2,"24":1,"25":1,"26":1,"27":1,"28":1,"29":1,"30":1,"31":1,"32":1,"33":1,"34":1,"35":1,"36":1,"37":1,"38":1,"39":2,"40":2,"41":1,"42":2,"43":2,"44":1,"45":2,"46":2,"47":1,"48":2,"49":2,"50":1,"51":1,"52":1,"53":1,"54":1},"b":{"1":[2,1,1,1],"2":[1,1,1,1],"3":[1,1],"4":[1,1],"5":[1,1],"6":[1,1],"7":[1,1],"8":[1,1],"9":[1,1],"10":[1,1,1],"11":[1,1],"12":[1,1],"13":[1,1],"14":[1,1],"15":[1,1],"16":[1,1],"17":[1,1]},"f":{"1":2,"2":2,"3":2,"4":2,"5":2,"6":1,"7":1,"8":1,"9":2,"10":2,"11":2,"12":2,"13":1},"fnMap":{"1":{"name":"(anonymous_1)","line":12,"loc":{"start":{"line":12,"column":1},"end":{"line":12,"column":13}}},"2":{"name":"(anonymous_2)","line":19,"loc":{"start":{"line":19,"column":5},"end":{"line":19,"column":17}}},"3":{"name":"(anonymous_3)","line":23,"loc":{"start":{"line":23,"column":24},"end":{"line":23,"column":36}}},"4":{"name":"(anonymous_4)","line":61,"loc":{"start":{"line":61,"column":5},"end":{"line":61,"column":17}}},"5":{"name":"(anonymous_5)","line":82,"loc":{"start":{"line":82,"column":5},"end":{"line":82,"column":17}}},"6":{"name":"(anonymous_6)","line":91,"loc":{"start":{"line":91,"column":77},"end":{"line":94,"column":10}}},"7":{"name":"(anonymous_7)","line":112,"loc":{"start":{"line":112,"column":83},"end":{"line":115,"column":10}},"skip":true},"8":{"name":"(anonymous_8)","line":123,"loc":{"start":{"line":123,"column":77},"end":{"line":126,"column":10}},"skip":true},"9":{"name":"(anonymous_9)","line":139,"loc":{"start":{"line":139,"column":12},"end":{"line":139,"column":40}},"skip":true},"10":{"name":"(anonymous_10)","line":147,"loc":{"start":{"line":147,"column":77},"end":{"line":150,"column":10}},"skip":true},"11":{"name":"(anonymous_11)","line":158,"loc":{"start":{"line":158,"column":83},"end":{"line":161,"column":10}},"skip":true},"12":{"name":"(anonymous_12)","line":169,"loc":{"start":{"line":169,"column":79},"end":{"line":172,"column":10}},"skip":true},"13":{"name":"(anonymous_13)","line":180,"loc":{"start":{"line":180,"column":75},"end":{"line":183,"column":10}},"skip":true}},"statementMap":{"1":{"start":{"line":12,"column":0},"end":{"line":195,"column":5}},"2":{"start":{"line":14,"column":4},"end":{"line":14,"column":14}},"3":{"start":{"line":19,"column":4},"end":{"line":56,"column":9}},"4":{"start":{"line":21,"column":8},"end":{"line":21,"column":19}},"5":{"start":{"line":23,"column":8},"end":{"line":35,"column":13}},"6":{"start":{"line":24,"column":12},"end":{"line":34,"column":13}},"7":{"start":{"line":25,"column":16},"end":{"line":28,"column":30}},"8":{"start":{"line":30,"column":16},"end":{"line":33,"column":27}},"9":{"start":{"line":37,"column":8},"end":{"line":39,"column":21}},"10":{"start":{"line":40,"column":8},"end":{"line":53,"column":9}},"11":{"start":{"line":43,"column":12},"end":{"line":46,"column":14}},"12":{"start":{"line":47,"column":12},"end":{"line":47,"column":18}},"13":{"start":{"line":50,"column":12},"end":{"line":51,"column":33}},"14":{"start":{"line":52,"column":12},"end":{"line":52,"column":18}},"15":{"start":{"line":55,"column":8},"end":{"line":55,"column":35}},"16":{"start":{"line":61,"column":4},"end":{"line":63,"column":9}},"17":{"start":{"line":62,"column":8},"end":{"line":62,"column":15}},"18":{"start":{"line":64,"column":4},"end":{"line":77,"column":5}},"19":{"start":{"line":70,"column":8},"end":{"line":70,"column":14}},"20":{"start":{"line":76,"column":8},"end":{"line":76,"column":14}},"21":{"start":{"line":82,"column":4},"end":{"line":84,"column":9}},"22":{"start":{"line":83,"column":8},"end":{"line":83,"column":15}},"23":{"start":{"line":85,"column":4},"end":{"line":194,"column":5}},"24":{"start":{"line":91,"column":8},"end":{"line":99,"column":10}},"25":{"start":{"line":98,"column":12},"end":{"line":98,"column":35}},"26":{"start":{"line":102,"column":8},"end":{"line":104,"column":63}},"27":{"start":{"line":105,"column":8},"end":{"line":105,"column":14}},"28":{"start":{"line":112,"column":8},"end":{"line":121,"column":10},"skip":true},"29":{"start":{"line":119,"column":12},"end":{"line":119,"column":55},"skip":true},"30":{"start":{"line":120,"column":12},"end":{"line":120,"column":48},"skip":true},"31":{"start":{"line":123,"column":8},"end":{"line":136,"column":10},"skip":true},"32":{"start":{"line":130,"column":12},"end":{"line":130,"column":76},"skip":true},"33":{"start":{"line":131,"column":12},"end":{"line":131,"column":73},"skip":true},"34":{"start":{"line":132,"column":12},"end":{"line":132,"column":74},"skip":true},"35":{"start":{"line":133,"column":12},"end":{"line":133,"column":79},"skip":true},"36":{"start":{"line":134,"column":12},"end":{"line":134,"column":25},"skip":true},"37":{"start":{"line":135,"column":12},"end":{"line":135,"column":45},"skip":true},"38":{"start":{"line":138,"column":8},"end":{"line":145,"column":14},"skip":true},"39":{"start":{"line":143,"column":16},"end":{"line":143,"column":29},"skip":true},"40":{"start":{"line":144,"column":16},"end":{"line":144,"column":55},"skip":true},"41":{"start":{"line":147,"column":8},"end":{"line":156,"column":10},"skip":true},"42":{"start":{"line":154,"column":12},"end":{"line":154,"column":25},"skip":true},"43":{"start":{"line":155,"column":12},"end":{"line":155,"column":45},"skip":true},"44":{"start":{"line":158,"column":8},"end":{"line":167,"column":10},"skip":true},"45":{"start":{"line":165,"column":12},"end":{"line":165,"column":25},"skip":true},"46":{"start":{"line":166,"column":12},"end":{"line":166,"column":48},"skip":true},"47":{"start":{"line":169,"column":8},"end":{"line":178,"column":10},"skip":true},"48":{"start":{"line":176,"column":12},"end":{"line":176,"column":25},"skip":true},"49":{"start":{"line":177,"column":12},"end":{"line":177,"column":46},"skip":true},"50":{"start":{"line":180,"column":8},"end":{"line":189,"column":10},"skip":true},"51":{"start":{"line":187,"column":12},"end":{"line":187,"column":94},"skip":true},"52":{"start":{"line":188,"column":12},"end":{"line":188,"column":48},"skip":true},"53":{"start":{"line":192,"column":8},"end":{"line":192,"column":35},"skip":true},"54":{"start":{"line":193,"column":8},"end":{"line":193,"column":14},"skip":true}},"branchMap":{"1":{"line":25,"type":"binary-expr","locations":[{"start":{"line":25,"column":23},"end":{"line":25,"column":62}},{"start":{"line":26,"column":20},"end":{"line":26,"column":70}},{"start":{"line":27,"column":20},"end":{"line":27,"column":71}},{"start":{"line":28,"column":20},"end":{"line":28,"column":29}}]},"2":{"line":30,"type":"binary-expr","locations":[{"start":{"line":30,"column":23},"end":{"line":30,"column":37}},{"start":{"line":31,"column":20},"end":{"line":31,"column":61}},{"start":{"line":32,"column":20},"end":{"line":32,"column":70}},{"start":{"line":33,"column":20},"end":{"line":33,"column":26}}]},"3":{"line":37,"type":"cond-expr","locations":[{"start":{"line":38,"column":14},"end":{"line":38,"column":20}},{"start":{"line":39,"column":14},"end":{"line":39,"column":20}}]},"4":{"line":40,"type":"switch","locations":[{"start":{"line":42,"column":8},"end":{"line":47,"column":18}},{"start":{"line":49,"column":8},"end":{"line":52,"column":18}}]},"5":{"line":44,"type":"binary-expr","locations":[{"start":{"line":44,"column":16},"end":{"line":44,"column":44}},{"start":{"line":44,"column":48},"end":{"line":44,"column":66}}]},"6":{"line":50,"type":"binary-expr","locations":[{"start":{"line":50,"column":21},"end":{"line":50,"column":49}},{"start":{"line":50,"column":53},"end":{"line":50,"column":72}}]},"7":{"line":64,"type":"switch","locations":[{"start":{"line":69,"column":4},"end":{"line":70,"column":14}},{"start":{"line":75,"column":4},"end":{"line":76,"column":14}}]},"8":{"line":85,"type":"switch","locations":[{"start":{"line":90,"column":4},"end":{"line":105,"column":14}},{"start":{"line":111,"column":4},"end":{"line":193,"column":14},"skip":true}]},"9":{"line":91,"type":"binary-expr","locations":[{"start":{"line":91,"column":42},"end":{"line":91,"column":73}},{"start":{"line":91,"column":77},"end":{"line":99,"column":9}}]},"10":{"line":102,"type":"binary-expr","locations":[{"start":{"line":102,"column":18},"end":{"line":102,"column":32}},{"start":{"line":103,"column":12},"end":{"line":103,"column":53}},{"start":{"line":104,"column":12},"end":{"line":104,"column":61}}]},"11":{"line":112,"type":"binary-expr","locations":[{"start":{"line":112,"column":45},"end":{"line":112,"column":79},"skip":true},{"start":{"line":112,"column":83},"end":{"line":121,"column":9},"skip":true}]},"12":{"line":123,"type":"binary-expr","locations":[{"start":{"line":123,"column":42},"end":{"line":123,"column":73},"skip":true},{"start":{"line":123,"column":77},"end":{"line":136,"column":9},"skip":true}]},"13":{"line":138,"type":"binary-expr","locations":[{"start":{"line":138,"column":48},"end":{"line":138,"column":85},"skip":true},{"start":{"line":139,"column":12},"end":{"line":145,"column":13},"skip":true}]},"14":{"line":147,"type":"binary-expr","locations":[{"start":{"line":147,"column":42},"end":{"line":147,"column":73},"skip":true},{"start":{"line":147,"column":77},"end":{"line":156,"column":9},"skip":true}]},"15":{"line":158,"type":"binary-expr","locations":[{"start":{"line":158,"column":45},"end":{"line":158,"column":79},"skip":true},{"start":{"line":158,"column":83},"end":{"line":167,"column":9},"skip":true}]},"16":{"line":169,"type":"binary-expr","locations":[{"start":{"line":169,"column":43},"end":{"line":169,"column":75},"skip":true},{"start":{"line":169,"column":79},"end":{"line":178,"column":9},"skip":true}]},"17":{"line":180,"type":"binary-expr","locations":[{"start":{"line":180,"column":41},"end":{"line":180,"column":71},"skip":true},{"start":{"line":180,"column":75},"end":{"line":189,"column":9},"skip":true}]}},"code":["/* istanbul instrument in package npmtest_node_craigslist */","/*jslint","    bitwise: true,","    browser: true,","    maxerr: 8,","    maxlen: 96,","    node: true,","    nomen: true,","    regexp: true,","    stupid: true","*/","(function () {","    'use strict';","    var local;","","","","    // run shared js-env code - pre-init","    (function () {","        // init local","        local = {};","        // init modeJs","        local.modeJs = (function () {","            try {","                return typeof navigator.userAgent === 'string' &&","                    typeof document.querySelector('body') === 'object' &&","                    typeof XMLHttpRequest.prototype.open === 'function' &&","                    'browser';","            } catch (errorCaughtBrowser) {","                return module.exports &&","                    typeof process.versions.node === 'string' &&","                    typeof require('http').createServer === 'function' &&","                    'node';","            }","        }());","        // init global","        local.global = local.modeJs === 'browser'","            ? window","            : global;","        switch (local.modeJs) {","        // re-init local from window.local","        case 'browser':","            local = local.global.utility2.objectSetDefault(","                local.global.utility2_rollup || local.global.local,","                local.global.utility2","            );","            break;","        // re-init local from example.js","        case 'node':","            local = (local.global.utility2_rollup || require('utility2'))","                .requireReadme();","            break;","        }","        // export local","        local.global.local = local;","    }());","","","","    // run shared js-env code - function","    (function () {","        return;","    }());","    switch (local.modeJs) {","","","","    // run browser js-env code - function","    case 'browser':","        break;","","","","    // run node js-env code - function","    case 'node':","        break;","    }","","","","    // run shared js-env code - post-init","    (function () {","        return;","    }());","    switch (local.modeJs) {","","","","    // run browser js-env code - post-init","    case 'browser':","        local.testCase_browser_nullCase = local.testCase_browser_nullCase || function (","            options,","            onError","        ) {","        /*","         * this function will test browsers's null-case handling-behavior-behavior","         */","            onError(null, options);","        };","","        // run tests","        local.nop(local.modeTest &&","            document.querySelector('#testRunButton1') &&","            document.querySelector('#testRunButton1').click());","        break;","","","","    // run node js-env code - post-init","    /* istanbul ignore next */","    case 'node':","        local.testCase_buildApidoc_default = local.testCase_buildApidoc_default || function (","            options,","            onError","        ) {","        /*","         * this function will test buildApidoc's default handling-behavior-behavior","         */","            options = { modulePathList: module.paths };","            local.buildApidoc(options, onError);","        };","","        local.testCase_buildApp_default = local.testCase_buildApp_default || function (","            options,","            onError","        ) {","        /*","         * this function will test buildApp's default handling-behavior-behavior","         */","            local.testCase_buildReadme_default(options, local.onErrorThrow);","            local.testCase_buildLib_default(options, local.onErrorThrow);","            local.testCase_buildTest_default(options, local.onErrorThrow);","            local.testCase_buildCustomOrg_default(options, local.onErrorThrow);","            options = [];","            local.buildApp(options, onError);","        };","","        local.testCase_buildCustomOrg_default = local.testCase_buildCustomOrg_default ||","            function (options, onError) {","            /*","             * this function will test buildCustomOrg's default handling-behavior","             */","                options = {};","                local.buildCustomOrg(options, onError);","            };","","        local.testCase_buildLib_default = local.testCase_buildLib_default || function (","            options,","            onError","        ) {","        /*","         * this function will test buildLib's default handling-behavior","         */","            options = {};","            local.buildLib(options, onError);","        };","","        local.testCase_buildReadme_default = local.testCase_buildReadme_default || function (","            options,","            onError","        ) {","        /*","         * this function will test buildReadme's default handling-behavior-behavior","         */","            options = {};","            local.buildReadme(options, onError);","        };","","        local.testCase_buildTest_default = local.testCase_buildTest_default || function (","            options,","            onError","        ) {","        /*","         * this function will test buildTest's default handling-behavior","         */","            options = {};","            local.buildTest(options, onError);","        };","","        local.testCase_webpage_default = local.testCase_webpage_default || function (","            options,","            onError","        ) {","        /*","         * this function will test webpage's default handling-behavior","         */","            options = { modeCoverageMerge: true, url: local.serverLocalHost + '?modeTest=1' };","            local.browserTest(options, onError);","        };","","        // run test-server","        local.testRunServer(local);","        break;","    }","}());",""],"l":{"12":2,"14":2,"19":2,"21":2,"23":2,"24":2,"25":2,"30":1,"37":2,"40":2,"43":1,"47":1,"50":1,"52":1,"55":2,"61":2,"62":2,"64":2,"70":1,"76":1,"82":2,"83":2,"85":2,"91":1,"98":1,"102":1,"105":1,"112":1,"119":1,"120":1,"123":1,"130":1,"131":1,"132":1,"133":1,"134":1,"135":1,"138":1,"143":2,"144":2,"147":1,"154":2,"155":2,"158":1,"165":2,"166":2,"169":1,"176":2,"177":2,"180":1,"187":1,"188":1,"192":1,"193":1}},"/home/travis/build/npmtest/node-npmtest-node-craigslist/lib.npmtest_node_craigslist.js":{"path":"/home/travis/build/npmtest/node-npmtest-node-craigslist/lib.npmtest_node_craigslist.js","s":{"1":2,"2":2,"3":2,"4":2,"5":2,"6":2,"7":2,"8":1,"9":2,"10":2,"11":2,"12":2,"13":1,"14":1,"15":1,"16":1},"b":{"1":[2,1,1,1],"2":[1,1,1,1],"3":[1,1],"4":[2,2],"5":[1,1]},"f":{"1":2,"2":2,"3":2},"fnMap":{"1":{"name":"(anonymous_1)","line":12,"loc":{"start":{"line":12,"column":1},"end":{"line":12,"column":13}}},"2":{"name":"(anonymous_2)","line":19,"loc":{"start":{"line":19,"column":5},"end":{"line":19,"column":17}}},"3":{"name":"(anonymous_3)","line":23,"loc":{"start":{"line":23,"column":24},"end":{"line":23,"column":36}}}},"statementMap":{"1":{"start":{"line":12,"column":0},"end":{"line":53,"column":5}},"2":{"start":{"line":14,"column":4},"end":{"line":14,"column":14}},"3":{"start":{"line":19,"column":4},"end":{"line":52,"column":9}},"4":{"start":{"line":21,"column":8},"end":{"line":21,"column":19}},"5":{"start":{"line":23,"column":8},"end":{"line":35,"column":13}},"6":{"start":{"line":24,"column":12},"end":{"line":34,"column":13}},"7":{"start":{"line":25,"column":16},"end":{"line":28,"column":30}},"8":{"start":{"line":30,"column":16},"end":{"line":33,"column":27}},"9":{"start":{"line":37,"column":8},"end":{"line":39,"column":21}},"10":{"start":{"line":41,"column":8},"end":{"line":41,"column":54}},"11":{"start":{"line":43,"column":8},"end":{"line":43,"column":60}},"12":{"start":{"line":45,"column":8},"end":{"line":51,"column":9}},"13":{"start":{"line":46,"column":12},"end":{"line":46,"column":66}},"14":{"start":{"line":48,"column":12},"end":{"line":48,"column":35}},"15":{"start":{"line":49,"column":12},"end":{"line":49,"column":49}},"16":{"start":{"line":50,"column":12},"end":{"line":50,"column":43}}},"branchMap":{"1":{"line":25,"type":"binary-expr","locations":[{"start":{"line":25,"column":23},"end":{"line":25,"column":62}},{"start":{"line":26,"column":20},"end":{"line":26,"column":70}},{"start":{"line":27,"column":20},"end":{"line":27,"column":71}},{"start":{"line":28,"column":20},"end":{"line":28,"column":29}}]},"2":{"line":30,"type":"binary-expr","locations":[{"start":{"line":30,"column":23},"end":{"line":30,"column":37}},{"start":{"line":31,"column":20},"end":{"line":31,"column":61}},{"start":{"line":32,"column":20},"end":{"line":32,"column":70}},{"start":{"line":33,"column":20},"end":{"line":33,"column":26}}]},"3":{"line":37,"type":"cond-expr","locations":[{"start":{"line":38,"column":14},"end":{"line":38,"column":20}},{"start":{"line":39,"column":14},"end":{"line":39,"column":20}}]},"4":{"line":41,"type":"binary-expr","locations":[{"start":{"line":41,"column":16},"end":{"line":41,"column":44}},{"start":{"line":41,"column":48},"end":{"line":41,"column":53}}]},"5":{"line":45,"type":"if","locations":[{"start":{"line":45,"column":8},"end":{"line":45,"column":8}},{"start":{"line":45,"column":8},"end":{"line":45,"column":8}}]}},"code":["/* istanbul instrument in package npmtest_node_craigslist */","/*jslint","    bitwise: true,","    browser: true,","    maxerr: 8,","    maxlen: 96,","    node: true,","    nomen: true,","    regexp: true,","    stupid: true","*/","(function () {","    'use strict';","    var local;","","","","    // run shared js-env code - pre-init","    (function () {","        // init local","        local = {};","        // init modeJs","        local.modeJs = (function () {","            try {","                return typeof navigator.userAgent === 'string' &&","                    typeof document.querySelector('body') === 'object' &&","                    typeof XMLHttpRequest.prototype.open === 'function' &&","                    'browser';","            } catch (errorCaughtBrowser) {","                return module.exports &&","                    typeof process.versions.node === 'string' &&","                    typeof require('http').createServer === 'function' &&","                    'node';","            }","        }());","        // init global","        local.global = local.modeJs === 'browser'","            ? window","            : global;","        // init utility2_rollup","        local = local.global.utility2_rollup || local;","        // init lib","        local.local = local.npmtest_node_craigslist = local;","        // init exports","        if (local.modeJs === 'browser') {","            local.global.utility2_npmtest_node_craigslist = local;","        } else {","            module.exports = local;","            module.exports.__dirname = __dirname;","            module.exports.module = module;","        }","    }());","}());",""],"l":{"12":2,"14":2,"19":2,"21":2,"23":2,"24":2,"25":2,"30":1,"37":2,"41":2,"43":2,"45":2,"46":1,"48":1,"49":1,"50":1}},"/home/travis/build/npmtest/node-npmtest-node-craigslist/example.js":{"path":"/home/travis/build/npmtest/node-npmtest-node-craigslist/example.js","s":{"1":2,"2":2,"3":2,"4":2,"5":2,"6":2,"7":2,"8":1,"9":2,"10":2,"11":2,"12":2,"13":1,"14":2,"15":2,"16":2,"17":2,"18":2,"19":0,"20":2,"21":1,"22":1,"23":1,"24":1,"25":1,"26":0,"27":0,"28":1,"29":1,"30":2,"31":0,"32":0,"33":0,"34":1,"35":2,"36":2,"37":3,"38":3,"39":3,"40":3,"41":0,"42":3,"43":3,"44":3,"45":1,"46":3,"47":1,"48":1,"49":1,"50":1,"51":1,"52":1,"53":1,"54":1,"55":1,"56":1,"57":0,"58":1,"59":6,"60":6,"61":1,"62":2,"63":0,"64":2,"65":1,"66":1,"67":0,"68":0,"69":0,"70":0,"71":0,"72":0,"73":0,"74":0,"75":0,"76":0,"77":0,"78":0,"79":0,"80":0,"81":0,"82":0,"83":0},"b":{"1":[2,1,1,1],"2":[1,1,1,1],"3":[1,1],"4":[2,2],"5":[1,1],"6":[1,1],"7":[2,0],"8":[2,1,1,1,1,1],"9":[0,2,0],"10":[1,1],"11":[2,1,1],"12":[1,0],"13":[0,2],"14":[2,0,0,0,0,0,0],"15":[0,3],"16":[3,0],"17":[1,1],"18":[0,1],"19":[1,2,0,2],"20":[1,0],"21":[1,1],"22":[0,0],"23":[0,0],"24":[0,0],"25":[0,0],"26":[0,0],"27":[0,0],"28":[0,0]},"f":{"1":2,"2":2,"3":2,"4":2,"5":2,"6":2,"7":3,"8":3,"9":3,"10":1,"11":6,"12":0},"fnMap":{"1":{"name":"(anonymous_1)","line":26,"loc":{"start":{"line":26,"column":1},"end":{"line":26,"column":13}}},"2":{"name":"(anonymous_2)","line":33,"loc":{"start":{"line":33,"column":5},"end":{"line":33,"column":17}}},"3":{"name":"(anonymous_3)","line":37,"loc":{"start":{"line":37,"column":24},"end":{"line":37,"column":36}}},"4":{"name":"(anonymous_4)","line":69,"loc":{"start":{"line":69,"column":31},"end":{"line":69,"column":48}},"skip":true},"5":{"name":"(anonymous_5)","line":78,"loc":{"start":{"line":78,"column":26},"end":{"line":78,"column":45}},"skip":true},"6":{"name":"(anonymous_6)","line":123,"loc":{"start":{"line":123,"column":33},"end":{"line":123,"column":48}},"skip":true},"7":{"name":"(anonymous_7)","line":125,"loc":{"start":{"line":125,"column":27},"end":{"line":125,"column":39}},"skip":true},"8":{"name":"(anonymous_8)","line":133,"loc":{"start":{"line":133,"column":59},"end":{"line":133,"column":74}},"skip":true},"9":{"name":"(anonymous_9)","line":143,"loc":{"start":{"line":143,"column":45},"end":{"line":143,"column":62}},"skip":true},"10":{"name":"(anonymous_10)","line":144,"loc":{"start":{"line":144,"column":73},"end":{"line":144,"column":92}},"skip":true},"11":{"name":"(anonymous_11)","line":272,"loc":{"start":{"line":272,"column":51},"end":{"line":272,"column":77}},"skip":true},"12":{"name":"(anonymous_12)","line":315,"loc":{"start":{"line":315,"column":32},"end":{"line":315,"column":61}},"skip":true}},"statementMap":{"1":{"start":{"line":26,"column":0},"end":{"line":326,"column":5}},"2":{"start":{"line":28,"column":4},"end":{"line":28,"column":14}},"3":{"start":{"line":33,"column":4},"end":{"line":60,"column":9}},"4":{"start":{"line":35,"column":8},"end":{"line":35,"column":19}},"5":{"start":{"line":37,"column":8},"end":{"line":49,"column":13}},"6":{"start":{"line":38,"column":12},"end":{"line":48,"column":13}},"7":{"start":{"line":39,"column":16},"end":{"line":42,"column":30}},"8":{"start":{"line":44,"column":16},"end":{"line":47,"column":27}},"9":{"start":{"line":51,"column":8},"end":{"line":53,"column":21}},"10":{"start":{"line":55,"column":8},"end":{"line":57,"column":45}},"11":{"start":{"line":59,"column":8},"end":{"line":59,"column":35}},"12":{"start":{"line":61,"column":4},"end":{"line":325,"column":5}},"13":{"start":{"line":69,"column":8},"end":{"line":121,"column":10},"skip":true},"14":{"start":{"line":70,"column":12},"end":{"line":88,"column":13},"skip":true},"15":{"start":{"line":76,"column":16},"end":{"line":87,"column":19},"skip":true},"16":{"start":{"line":79,"column":20},"end":{"line":86,"column":21},"skip":true},"17":{"start":{"line":82,"column":24},"end":{"line":82,"column":43},"skip":true},"18":{"start":{"line":83,"column":24},"end":{"line":83,"column":30},"skip":true},"19":{"start":{"line":85,"column":24},"end":{"line":85,"column":49},"skip":true},"20":{"start":{"line":89,"column":12},"end":{"line":107,"column":13},"skip":true},"21":{"start":{"line":92,"column":16},"end":{"line":102,"column":17},"skip":true},"22":{"start":{"line":93,"column":20},"end":{"line":93,"column":86},"skip":true},"23":{"start":{"line":94,"column":20},"end":{"line":95,"column":45},"skip":true},"24":{"start":{"line":96,"column":20},"end":{"line":96,"column":42},"skip":true},"25":{"start":{"line":97,"column":20},"end":{"line":97,"column":48},"skip":true},"26":{"start":{"line":100,"column":20},"end":{"line":100,"column":85},"skip":true},"27":{"start":{"line":101,"column":20},"end":{"line":101,"column":96},"skip":true},"28":{"start":{"line":103,"column":16},"end":{"line":103,"column":22},"skip":true},"29":{"start":{"line":106,"column":16},"end":{"line":106,"column":22},"skip":true},"30":{"start":{"line":108,"column":12},"end":{"line":120,"column":13},"skip":true},"31":{"start":{"line":114,"column":16},"end":{"line":119,"column":17},"skip":true},"32":{"start":{"line":116,"column":20},"end":{"line":116,"column":78},"skip":true},"33":{"start":{"line":118,"column":20},"end":{"line":118,"column":47},"skip":true},"34":{"start":{"line":123,"column":8},"end":{"line":141,"column":11},"skip":true},"35":{"start":{"line":124,"column":12},"end":{"line":124,"column":54},"skip":true},"36":{"start":{"line":125,"column":12},"end":{"line":140,"column":14},"skip":true},"37":{"start":{"line":126,"column":16},"end":{"line":126,"column":28},"skip":true},"38":{"start":{"line":127,"column":16},"end":{"line":127,"column":69},"skip":true},"39":{"start":{"line":128,"column":16},"end":{"line":128,"column":75},"skip":true},"40":{"start":{"line":129,"column":16},"end":{"line":131,"column":17},"skip":true},"41":{"start":{"line":130,"column":20},"end":{"line":130,"column":27},"skip":true},"42":{"start":{"line":133,"column":16},"end":{"line":137,"column":36},"skip":true},"43":{"start":{"line":134,"column":20},"end":{"line":136,"column":55},"skip":true},"44":{"start":{"line":139,"column":16},"end":{"line":139,"column":57},"skip":true},"45":{"start":{"line":143,"column":8},"end":{"line":147,"column":11},"skip":true},"46":{"start":{"line":144,"column":12},"end":{"line":146,"column":15},"skip":true},"47":{"start":{"line":145,"column":16},"end":{"line":145,"column":70},"skip":true},"48":{"start":{"line":149,"column":8},"end":{"line":149,"column":31},"skip":true},"49":{"start":{"line":150,"column":8},"end":{"line":150,"column":14},"skip":true},"50":{"start":{"line":158,"column":8},"end":{"line":158,"column":31},"skip":true},"51":{"start":{"line":160,"column":8},"end":{"line":160,"column":33},"skip":true},"52":{"start":{"line":161,"column":8},"end":{"line":161,"column":37},"skip":true},"53":{"start":{"line":162,"column":8},"end":{"line":162,"column":35},"skip":true},"54":{"start":{"line":164,"column":8},"end":{"line":164,"column":50},"skip":true},"55":{"start":{"line":166,"column":8},"end":{"line":256,"column":2},"skip":true},"56":{"start":{"line":258,"column":8},"end":{"line":286,"column":9},"skip":true},"57":{"start":{"line":259,"column":12},"end":{"line":269,"column":14},"skip":true},"58":{"start":{"line":271,"column":12},"end":{"line":285,"column":19},"skip":true},"59":{"start":{"line":274,"column":20},"end":{"line":274,"column":35},"skip":true},"60":{"start":{"line":275,"column":20},"end":{"line":284,"column":21},"skip":true},"61":{"start":{"line":277,"column":24},"end":{"line":277,"column":64},"skip":true},"62":{"start":{"line":279,"column":24},"end":{"line":279,"column":40},"skip":true},"63":{"start":{"line":281,"column":24},"end":{"line":281,"column":40},"skip":true},"64":{"start":{"line":283,"column":24},"end":{"line":283,"column":39},"skip":true},"65":{"start":{"line":288,"column":8},"end":{"line":290,"column":9},"skip":true},"66":{"start":{"line":289,"column":12},"end":{"line":289,"column":18},"skip":true},"67":{"start":{"line":291,"column":8},"end":{"line":293,"column":54},"skip":true},"68":{"start":{"line":296,"column":8},"end":{"line":301,"column":37},"skip":true},"69":{"start":{"line":303,"column":8},"end":{"line":303,"column":82},"skip":true},"70":{"start":{"line":306,"column":8},"end":{"line":308,"column":9},"skip":true},"71":{"start":{"line":307,"column":12},"end":{"line":307,"column":82},"skip":true},"72":{"start":{"line":310,"column":8},"end":{"line":312,"column":9},"skip":true},"73":{"start":{"line":311,"column":12},"end":{"line":311,"column":18},"skip":true},"74":{"start":{"line":313,"column":8},"end":{"line":313,"column":54},"skip":true},"75":{"start":{"line":314,"column":8},"end":{"line":314,"column":69},"skip":true},"76":{"start":{"line":315,"column":8},"end":{"line":323,"column":36},"skip":true},"77":{"start":{"line":316,"column":12},"end":{"line":316,"column":61},"skip":true},"78":{"start":{"line":317,"column":12},"end":{"line":320,"column":13},"skip":true},"79":{"start":{"line":318,"column":16},"end":{"line":318,"column":75},"skip":true},"80":{"start":{"line":319,"column":16},"end":{"line":319,"column":23},"skip":true},"81":{"start":{"line":321,"column":12},"end":{"line":321,"column":38},"skip":true},"82":{"start":{"line":322,"column":12},"end":{"line":322,"column":27},"skip":true},"83":{"start":{"line":324,"column":8},"end":{"line":324,"column":14},"skip":true}},"branchMap":{"1":{"line":39,"type":"binary-expr","locations":[{"start":{"line":39,"column":23},"end":{"line":39,"column":62}},{"start":{"line":40,"column":20},"end":{"line":40,"column":70}},{"start":{"line":41,"column":20},"end":{"line":41,"column":71}},{"start":{"line":42,"column":20},"end":{"line":42,"column":29}}]},"2":{"line":44,"type":"binary-expr","locations":[{"start":{"line":44,"column":23},"end":{"line":44,"column":37}},{"start":{"line":45,"column":20},"end":{"line":45,"column":61}},{"start":{"line":46,"column":20},"end":{"line":46,"column":70}},{"start":{"line":47,"column":20},"end":{"line":47,"column":26}}]},"3":{"line":51,"type":"cond-expr","locations":[{"start":{"line":52,"column":14},"end":{"line":52,"column":20}},{"start":{"line":53,"column":14},"end":{"line":53,"column":20}}]},"4":{"line":55,"type":"binary-expr","locations":[{"start":{"line":55,"column":16},"end":{"line":55,"column":44}},{"start":{"line":55,"column":49},"end":{"line":57,"column":43}}]},"5":{"line":55,"type":"cond-expr","locations":[{"start":{"line":56,"column":14},"end":{"line":56,"column":59}},{"start":{"line":57,"column":14},"end":{"line":57,"column":43}}]},"6":{"line":61,"type":"switch","locations":[{"start":{"line":68,"column":4},"end":{"line":150,"column":14},"skip":true},{"start":{"line":156,"column":4},"end":{"line":324,"column":14},"skip":true}]},"7":{"line":70,"type":"if","locations":[{"start":{"line":70,"column":12},"end":{"line":70,"column":12},"skip":true},{"start":{"line":70,"column":12},"end":{"line":70,"column":12},"skip":true}]},"8":{"line":70,"type":"binary-expr","locations":[{"start":{"line":70,"column":16},"end":{"line":70,"column":22},"skip":true},{"start":{"line":70,"column":27},"end":{"line":70,"column":32},"skip":true},{"start":{"line":71,"column":20},"end":{"line":71,"column":39},"skip":true},{"start":{"line":72,"column":20},"end":{"line":72,"column":49},"skip":true},{"start":{"line":73,"column":20},"end":{"line":73,"column":58},"skip":true},{"start":{"line":74,"column":20},"end":{"line":74,"column":69},"skip":true}]},"9":{"line":79,"type":"switch","locations":[{"start":{"line":80,"column":20},"end":{"line":80,"column":33},"skip":true},{"start":{"line":81,"column":20},"end":{"line":83,"column":30},"skip":true},{"start":{"line":84,"column":20},"end":{"line":85,"column":49},"skip":true}]},"10":{"line":89,"type":"switch","locations":[{"start":{"line":90,"column":12},"end":{"line":103,"column":22},"skip":true},{"start":{"line":105,"column":12},"end":{"line":106,"column":22},"skip":true}]},"11":{"line":89,"type":"binary-expr","locations":[{"start":{"line":89,"column":20},"end":{"line":89,"column":25},"skip":true},{"start":{"line":89,"column":29},"end":{"line":89,"column":48},"skip":true},{"start":{"line":89,"column":52},"end":{"line":89,"column":74},"skip":true}]},"12":{"line":92,"type":"if","locations":[{"start":{"line":92,"column":16},"end":{"line":92,"column":16},"skip":true},{"start":{"line":92,"column":16},"end":{"line":92,"column":16},"skip":true}]},"13":{"line":108,"type":"if","locations":[{"start":{"line":108,"column":12},"end":{"line":108,"column":12},"skip":true},{"start":{"line":108,"column":12},"end":{"line":108,"column":12},"skip":true}]},"14":{"line":108,"type":"binary-expr","locations":[{"start":{"line":108,"column":16},"end":{"line":108,"column":61},"skip":true},{"start":{"line":108,"column":66},"end":{"line":108,"column":72},"skip":true},{"start":{"line":108,"column":77},"end":{"line":108,"column":82},"skip":true},{"start":{"line":109,"column":20},"end":{"line":109,"column":39},"skip":true},{"start":{"line":110,"column":20},"end":{"line":110,"column":49},"skip":true},{"start":{"line":111,"column":20},"end":{"line":111,"column":58},"skip":true},{"start":{"line":112,"column":20},"end":{"line":112,"column":68},"skip":true}]},"15":{"line":129,"type":"if","locations":[{"start":{"line":129,"column":16},"end":{"line":129,"column":16},"skip":true},{"start":{"line":129,"column":16},"end":{"line":129,"column":16},"skip":true}]},"16":{"line":134,"type":"cond-expr","locations":[{"start":{"line":135,"column":26},"end":{"line":135,"column":29},"skip":true},{"start":{"line":136,"column":26},"end":{"line":136,"column":54},"skip":true}]},"17":{"line":164,"type":"binary-expr","locations":[{"start":{"line":164,"column":27},"end":{"line":164,"column":43},"skip":true},{"start":{"line":164,"column":47},"end":{"line":164,"column":49},"skip":true}]},"18":{"line":258,"type":"if","locations":[{"start":{"line":258,"column":8},"end":{"line":258,"column":8},"skip":true},{"start":{"line":258,"column":8},"end":{"line":258,"column":8},"skip":true}]},"19":{"line":275,"type":"switch","locations":[{"start":{"line":276,"column":20},"end":{"line":277,"column":64},"skip":true},{"start":{"line":278,"column":20},"end":{"line":279,"column":40},"skip":true},{"start":{"line":280,"column":20},"end":{"line":281,"column":40},"skip":true},{"start":{"line":282,"column":20},"end":{"line":283,"column":39},"skip":true}]},"20":{"line":288,"type":"if","locations":[{"start":{"line":288,"column":8},"end":{"line":288,"column":8},"skip":true},{"start":{"line":288,"column":8},"end":{"line":288,"column":8},"skip":true}]},"21":{"line":288,"type":"binary-expr","locations":[{"start":{"line":288,"column":12},"end":{"line":288,"column":40},"skip":true},{"start":{"line":288,"column":44},"end":{"line":288,"column":67},"skip":true}]},"22":{"line":292,"type":"binary-expr","locations":[{"start":{"line":292,"column":12},"end":{"line":292,"column":50},"skip":true},{"start":{"line":293,"column":12},"end":{"line":293,"column":53},"skip":true}]},"23":{"line":297,"type":"binary-expr","locations":[{"start":{"line":297,"column":12},"end":{"line":297,"column":73},"skip":true},{"start":{"line":298,"column":12},"end":{"line":301,"column":36},"skip":true}]},"24":{"line":303,"type":"binary-expr","locations":[{"start":{"line":303,"column":43},"end":{"line":303,"column":75},"skip":true},{"start":{"line":303,"column":79},"end":{"line":303,"column":81},"skip":true}]},"25":{"line":306,"type":"if","locations":[{"start":{"line":306,"column":8},"end":{"line":306,"column":8},"skip":true},{"start":{"line":306,"column":8},"end":{"line":306,"column":8},"skip":true}]},"26":{"line":310,"type":"if","locations":[{"start":{"line":310,"column":8},"end":{"line":310,"column":8},"skip":true},{"start":{"line":310,"column":8},"end":{"line":310,"column":8},"skip":true}]},"27":{"line":313,"type":"binary-expr","locations":[{"start":{"line":313,"column":27},"end":{"line":313,"column":43},"skip":true},{"start":{"line":313,"column":47},"end":{"line":313,"column":53},"skip":true}]},"28":{"line":317,"type":"if","locations":[{"start":{"line":317,"column":12},"end":{"line":317,"column":12},"skip":true},{"start":{"line":317,"column":12},"end":{"line":317,"column":12},"skip":true}]}},"code":["/*","example.js","","quickstart example","","instruction","    1. save this script as example.js","    2. run the shell command:","        $ npm install npmtest-node-craigslist && PORT=8081 node example.js","    3. play with the browser-demo on http://127.0.0.1:8081","*/","","","","/* istanbul instrument in package npmtest_node_craigslist */","/*jslint","    bitwise: true,","    browser: true,","    maxerr: 8,","    maxlen: 96,","    node: true,","    nomen: true,","    regexp: true,","    stupid: true","*/","(function () {","    'use strict';","    var local;","","","","    // run shared js-env code - pre-init","    (function () {","        // init local","        local = {};","        // init modeJs","        local.modeJs = (function () {","            try {","                return typeof navigator.userAgent === 'string' &&","                    typeof document.querySelector('body') === 'object' &&","                    typeof XMLHttpRequest.prototype.open === 'function' &&","                    'browser';","            } catch (errorCaughtBrowser) {","                return module.exports &&","                    typeof process.versions.node === 'string' &&","                    typeof require('http').createServer === 'function' &&","                    'node';","            }","        }());","        // init global","        local.global = local.modeJs === 'browser'","            ? window","            : global;","        // init utility2_rollup","        local = local.global.utility2_rollup || (local.modeJs === 'browser'","            ? local.global.utility2_npmtest_node_craigslist","            : global.utility2_moduleExports);","        // export local","        local.global.local = local;","    }());","    switch (local.modeJs) {","","","","    // post-init","    // run browser js-env code - post-init","    /* istanbul ignore next */","    case 'browser':","        local.testRunBrowser = function (event) {","            if (!event || (event &&","                    event.currentTarget &&","                    event.currentTarget.className &&","                    event.currentTarget.className.includes &&","                    event.currentTarget.className.includes('onreset'))) {","                // reset output","                Array.from(","                    document.querySelectorAll('body > .resettable')","                ).forEach(function (element) {","                    switch (element.tagName) {","                    case 'INPUT':","                    case 'TEXTAREA':","                        element.value = '';","                        break;","                    default:","                        element.textContent = '';","                    }","                });","            }","            switch (event && event.currentTarget && event.currentTarget.id) {","            case 'testRunButton1':","                // show tests","                if (document.querySelector('#testReportDiv1').style.display === 'none') {","                    document.querySelector('#testReportDiv1').style.display = 'block';","                    document.querySelector('#testRunButton1').textContent =","                        'hide internal test';","                    local.modeTest = true;","                    local.testRunDefault(local);","                // hide tests","                } else {","                    document.querySelector('#testReportDiv1').style.display = 'none';","                    document.querySelector('#testRunButton1').textContent = 'run internal test';","                }","                break;","            // custom-case","            default:","                break;","            }","            if (document.querySelector('#inputTextareaEval1') && (!event || (event &&","                    event.currentTarget &&","                    event.currentTarget.className &&","                    event.currentTarget.className.includes &&","                    event.currentTarget.className.includes('oneval')))) {","                // try to eval input-code","                try {","                    /*jslint evil: true*/","                    eval(document.querySelector('#inputTextareaEval1').value);","                } catch (errorCaught) {","                    console.error(errorCaught);","                }","            }","        };","        // log stderr and stdout to #outputTextareaStdout1","        ['error', 'log'].forEach(function (key) {","            console[key + '_original'] = console[key];","            console[key] = function () {","                var element;","                console[key + '_original'].apply(console, arguments);","                element = document.querySelector('#outputTextareaStdout1');","                if (!element) {","                    return;","                }","                // append text to #outputTextareaStdout1","                element.value += Array.from(arguments).map(function (arg) {","                    return typeof arg === 'string'","                        ? arg","                        : JSON.stringify(arg, null, 4);","                }).join(' ') + '\\n';","                // scroll textarea to bottom","                element.scrollTop = element.scrollHeight;","            };","        });","        // init event-handling","        ['change', 'click', 'keyup'].forEach(function (event) {","            Array.from(document.querySelectorAll('.on' + event)).forEach(function (element) {","                element.addEventListener(event, local.testRunBrowser);","            });","        });","        // run tests","        local.testRunBrowser();","        break;","","","","    // run node js-env code - post-init","    /* istanbul ignore next */","    case 'node':","        // export local","        module.exports = local;","        // require modules","        local.fs = require('fs');","        local.http = require('http');","        local.url = require('url');","        // init assets","        local.assetsDict = local.assetsDict || {};","        /* jslint-ignore-begin */","        local.assetsDict['/assets.index.template.html'] = '\\","<!doctype html>\\n\\","<html lang=\"en\">\\n\\","<head>\\n\\","<meta charset=\"UTF-8\">\\n\\","<meta name=\"viewport\" content=\"width=device-width, initial-scale=1\">\\n\\","<title>{{env.npm_package_name}} (v{{env.npm_package_version}})</title>\\n\\","<style>\\n\\","/*csslint\\n\\","    box-sizing: false,\\n\\","    universal-selector: false\\n\\","*/\\n\\","* {\\n\\","    box-sizing: border-box;\\n\\","}\\n\\","body {\\n\\","    background: #dde;\\n\\","    font-family: Arial, Helvetica, sans-serif;\\n\\","    margin: 2rem;\\n\\","}\\n\\","body > * {\\n\\","    margin-bottom: 1rem;\\n\\","}\\n\\",".utility2FooterDiv {\\n\\","    margin-top: 20px;\\n\\","    text-align: center;\\n\\","}\\n\\","</style>\\n\\","<style>\\n\\","/*csslint\\n\\","*/\\n\\","textarea {\\n\\","    font-family: monospace;\\n\\","    height: 10rem;\\n\\","    width: 100%;\\n\\","}\\n\\","textarea[readonly] {\\n\\","    background: #ddd;\\n\\","}\\n\\","</style>\\n\\","</head>\\n\\","<body>\\n\\","<!-- utility2-comment\\n\\","<div id=\"ajaxProgressDiv1\" style=\"background: #d00; height: 2px; left: 0; margin: 0; padding: 0; position: fixed; top: 0; transition: background 0.5s, width 1.5s; width: 25%;\"></div>\\n\\","utility2-comment -->\\n\\","<h1>\\n\\","<!-- utility2-comment\\n\\","    <a\\n\\","        {{#if env.npm_package_homepage}}\\n\\","        href=\"{{env.npm_package_homepage}}\"\\n\\","        {{/if env.npm_package_homepage}}\\n\\","        target=\"_blank\"\\n\\","    >\\n\\","utility2-comment -->\\n\\","        {{env.npm_package_name}} (v{{env.npm_package_version}})\\n\\","<!-- utility2-comment\\n\\","    </a>\\n\\","utility2-comment -->\\n\\","</h1>\\n\\","<h3>{{env.npm_package_description}}</h3>\\n\\","<!-- utility2-comment\\n\\","<h4><a download href=\"assets.app.js\">download standalone app</a></h4>\\n\\","<button class=\"onclick onreset\" id=\"testRunButton1\">run internal test</button><br>\\n\\","<div id=\"testReportDiv1\" style=\"display: none;\"></div>\\n\\","utility2-comment -->\\n\\","\\n\\","\\n\\","\\n\\","<label>stderr and stdout</label>\\n\\","<textarea class=\"resettable\" id=\"outputTextareaStdout1\" readonly></textarea>\\n\\","<!-- utility2-comment\\n\\","{{#if isRollup}}\\n\\","<script src=\"assets.app.js\"></script>\\n\\","{{#unless isRollup}}\\n\\","utility2-comment -->\\n\\","<script src=\"assets.utility2.rollup.js\"></script>\\n\\","<script src=\"jsonp.utility2._stateInit?callback=window.utility2._stateInit\"></script>\\n\\","<script src=\"assets.npmtest_node_craigslist.rollup.js\"></script>\\n\\","<script src=\"assets.example.js\"></script>\\n\\","<script src=\"assets.test.js\"></script>\\n\\","<!-- utility2-comment\\n\\","{{/if isRollup}}\\n\\","utility2-comment -->\\n\\","<div class=\"utility2FooterDiv\">\\n\\","    [ this app was created with\\n\\","    <a href=\"https://github.com/kaizhu256/node-utility2\" target=\"_blank\">utility2</a>\\n\\","    ]\\n\\","</div>\\n\\","</body>\\n\\","</html>\\n\\","';","        /* jslint-ignore-end */","        if (local.templateRender) {","            local.assetsDict['/'] = local.templateRender(","                local.assetsDict['/assets.index.template.html'],","                {","                    env: local.objectSetDefault(local.env, {","                        npm_package_description: 'the greatest app in the world!',","                        npm_package_name: 'my-app',","                        npm_package_nameAlias: 'my_app',","                        npm_package_version: '0.0.1'","                    })","                }","            );","        } else {","            local.assetsDict['/'] = local.assetsDict['/assets.index.template.html']","                .replace((/\\{\\{env\\.(\\w+?)\\}\\}/g), function (match0, match1) {","                    // jslint-hack","                    String(match0);","                    switch (match1) {","                    case 'npm_package_description':","                        return 'the greatest app in the world!';","                    case 'npm_package_name':","                        return 'my-app';","                    case 'npm_package_nameAlias':","                        return 'my_app';","                    case 'npm_package_version':","                        return '0.0.1';","                    }","                });","        }","        // run the cli","        if (local.global.utility2_rollup || module !== require.main) {","            break;","        }","        local.assetsDict['/assets.example.js'] =","            local.assetsDict['/assets.example.js'] ||","            local.fs.readFileSync(__filename, 'utf8');","        // bug-workaround - long $npm_package_buildCustomOrg","        /* jslint-ignore-begin */","        local.assetsDict['/assets.npmtest_node_craigslist.rollup.js'] =","            local.assetsDict['/assets.npmtest_node_craigslist.rollup.js'] ||","            local.fs.readFileSync(","                local.npmtest_node_craigslist.__dirname + '/lib.npmtest_node_craigslist.js',","                'utf8'","            ).replace((/^#!/), '//');","        /* jslint-ignore-end */","        local.assetsDict['/favicon.ico'] = local.assetsDict['/favicon.ico'] || '';","        // if $npm_config_timeout_exit exists,","        // then exit this process after $npm_config_timeout_exit ms","        if (Number(process.env.npm_config_timeout_exit)) {","            setTimeout(process.exit, Number(process.env.npm_config_timeout_exit));","        }","        // start server","        if (local.global.utility2_serverHttp1) {","            break;","        }","        process.env.PORT = process.env.PORT || '8081';","        console.error('server starting on port ' + process.env.PORT);","        local.http.createServer(function (request, response) {","            request.urlParsed = local.url.parse(request.url);","            if (local.assetsDict[request.urlParsed.pathname] !== undefined) {","                response.end(local.assetsDict[request.urlParsed.pathname]);","                return;","            }","            response.statusCode = 404;","            response.end();","        }).listen(process.env.PORT);","        break;","    }","}());",""],"l":{"26":2,"28":2,"33":2,"35":2,"37":2,"38":2,"39":2,"44":1,"51":2,"55":2,"59":2,"61":2,"69":1,"70":2,"76":2,"79":2,"82":2,"83":2,"85":1,"89":2,"92":1,"93":1,"94":1,"96":1,"97":1,"100":1,"101":1,"103":1,"106":1,"108":2,"114":1,"116":1,"118":1,"123":1,"124":2,"125":2,"126":3,"127":3,"128":3,"129":3,"130":1,"133":3,"134":3,"139":3,"143":1,"144":3,"145":1,"149":1,"150":1,"158":1,"160":1,"161":1,"162":1,"164":1,"166":1,"258":1,"259":1,"271":1,"274":6,"275":6,"277":1,"279":2,"281":1,"283":2,"288":1,"289":1,"291":1,"296":1,"303":1,"306":1,"307":1,"310":1,"311":1,"313":1,"314":1,"315":1,"316":1,"317":1,"318":1,"319":1,"321":1,"322":1,"324":1}},"/home/travis/build/npmtest/node-npmtest-node-craigslist/node_modules/node-craigslist/dist/index.js":{"path":"/home/travis/build/npmtest/node-npmtest-node-craigslist/node_modules/node-craigslist/dist/index.js","s":{"1":1,"2":1,"3":1,"4":1,"5":1,"6":3,"7":3,"8":3,"9":3,"10":3,"11":3,"12":1,"13":1,"14":1,"15":1,"16":0,"17":1,"18":1,"19":1,"20":1,"21":1,"22":1,"23":1,"24":1,"25":1,"26":1,"27":1,"28":1,"29":1,"30":1,"31":5,"32":1,"33":0,"34":0,"35":1,"36":1,"37":0,"38":0,"39":0,"40":0,"41":0,"42":0,"43":0,"44":0,"45":0,"46":0,"47":0,"48":0,"49":0,"50":0,"51":0,"52":0,"53":0,"54":0,"55":0,"56":0,"57":0,"58":0,"59":1,"60":0,"61":0,"62":0,"63":0,"64":0,"65":0,"66":0,"67":0,"68":0,"69":0,"70":0,"71":0,"72":0,"73":1,"74":0,"75":0,"76":0,"77":0,"78":0,"79":0,"80":0,"81":0,"82":0,"83":0,"84":0,"85":0,"86":0,"87":0,"88":0,"89":0,"90":1,"91":0,"92":0,"93":0,"94":0,"95":0,"96":0,"97":0,"98":0,"99":0,"100":0,"101":0,"102":0,"103":0,"104":0,"105":0,"106":0,"107":0,"108":1,"109":1,"110":0,"111":0,"112":0,"113":1,"114":0,"115":0,"116":0,"117":0,"118":0,"119":0,"120":0,"121":0,"122":0,"123":0,"124":0,"125":0,"126":0,"127":0,"128":0,"129":0,"130":0,"131":0,"132":0,"133":0,"134":0,"135":0,"136":0,"137":0,"138":0,"139":0,"140":0,"141":0,"142":0,"143":0,"144":0,"145":0,"146":0,"147":0,"148":0,"149":0,"150":0,"151":0,"152":0,"153":0,"154":0,"155":0,"156":0,"157":0,"158":0,"159":0,"160":0,"161":0,"162":0,"163":0,"164":1,"165":1},"b":{"1":[3,3],"2":[3,0],"3":[1,0],"4":[0,1],"5":[2,3],"6":[5,5],"7":[0,0],"8":[0,0],"9":[0,0],"10":[0,0],"11":[0,0],"12":[0,0],"13":[0,0],"14":[0,0],"15":[0,0],"16":[0,0],"17":[0,0],"18":[0,0],"19":[0,0],"20":[0,0],"21":[0,0],"22":[0,0],"23":[0,0],"24":[0,0],"25":[0,0],"26":[0,0],"27":[0,0],"28":[0,0],"29":[0,0],"30":[0,0],"31":[0,0],"32":[0,0],"33":[0,0],"34":[0,0],"35":[0,0,0],"36":[0,0],"37":[0,0],"38":[0,0],"39":[0,0],"40":[0,0],"41":[0,0],"42":[0,0],"43":[0,0],"44":[0,0],"45":[0,0],"46":[0,0],"47":[0,0],"48":[0,0],"49":[0,0],"50":[0,0],"51":[0,0],"52":[0,0],"53":[0,0],"54":[0,0],"55":[0,0]},"f":{"1":1,"2":1,"3":1,"4":5,"5":0,"6":0,"7":0,"8":0,"9":0,"10":0,"11":0,"12":0,"13":0,"14":0,"15":0,"16":0,"17":0,"18":0,"19":1,"20":0,"21":0,"22":0,"23":0,"24":0,"25":0,"26":0,"27":0,"28":0,"29":0,"30":0},"fnMap":{"1":{"name":"(anonymous_1)","line":8,"loc":{"start":{"line":8,"column":19},"end":{"line":8,"column":31}}},"2":{"name":"defineProperties","line":8,"loc":{"start":{"line":8,"column":33},"end":{"line":8,"column":74}}},"3":{"name":"(anonymous_3)","line":8,"loc":{"start":{"line":8,"column":357},"end":{"line":8,"column":405}}},"4":{"name":"_interopRequireDefault","line":34,"loc":{"start":{"line":34,"column":0},"end":{"line":34,"column":37}}},"5":{"name":"_classCallCheck","line":36,"loc":{"start":{"line":36,"column":0},"end":{"line":36,"column":48}}},"6":{"name":"_getPostingDetails","line":64,"loc":{"start":{"line":64,"column":0},"end":{"line":64,"column":48}}},"7":{"name":"(anonymous_7)","line":76,"loc":{"start":{"line":76,"column":49},"end":{"line":76,"column":71}}},"8":{"name":"(anonymous_8)","line":99,"loc":{"start":{"line":99,"column":29},"end":{"line":99,"column":51}}},"9":{"name":"_getPostings","line":114,"loc":{"start":{"line":114,"column":0},"end":{"line":114,"column":39}}},"10":{"name":"(anonymous_10)","line":121,"loc":{"start":{"line":121,"column":43},"end":{"line":121,"column":65}}},"11":{"name":"(anonymous_11)","line":124,"loc":{"start":{"line":124,"column":78},"end":{"line":124,"column":94}}},"12":{"name":"(anonymous_12)","line":126,"loc":{"start":{"line":126,"column":9},"end":{"line":126,"column":25}}},"13":{"name":"_getReplyDetails","line":173,"loc":{"start":{"line":173,"column":0},"end":{"line":173,"column":43}}},"14":{"name":"(anonymous_14)","line":176,"loc":{"start":{"line":176,"column":39},"end":{"line":176,"column":61}}},"15":{"name":"(anonymous_15)","line":181,"loc":{"start":{"line":181,"column":37},"end":{"line":181,"column":54}}},"16":{"name":"(anonymous_16)","line":190,"loc":{"start":{"line":190,"column":39},"end":{"line":190,"column":56}}},"17":{"name":"_getRequestOptions","line":221,"loc":{"start":{"line":221,"column":0},"end":{"line":221,"column":44}}},"18":{"name":"(anonymous_18)","line":233,"loc":{"start":{"line":233,"column":30},"end":{"line":233,"column":45}}},"19":{"name":"(anonymous_19)","line":270,"loc":{"start":{"line":270,"column":30},"end":{"line":270,"column":42}}},"20":{"name":"Client","line":271,"loc":{"start":{"line":271,"column":1},"end":{"line":271,"column":26}}},"21":{"name":"details","line":280,"loc":{"start":{"line":280,"column":9},"end":{"line":280,"column":45}}},"22":{"name":"(anonymous_22)","line":288,"loc":{"start":{"line":288,"column":28},"end":{"line":288,"column":55}}},"23":{"name":"(anonymous_23)","line":303,"loc":{"start":{"line":303,"column":49},"end":{"line":303,"column":67}}},"24":{"name":"(anonymous_24)","line":311,"loc":{"start":{"line":311,"column":22},"end":{"line":311,"column":49}}},"25":{"name":"(anonymous_25)","line":312,"loc":{"start":{"line":312,"column":27},"end":{"line":312,"column":46}}},"26":{"name":"(anonymous_26)","line":325,"loc":{"start":{"line":325,"column":50},"end":{"line":325,"column":68}}},"27":{"name":"list","line":338,"loc":{"start":{"line":338,"column":9},"end":{"line":338,"column":42}}},"28":{"name":"search","line":344,"loc":{"start":{"line":344,"column":9},"end":{"line":344,"column":51}}},"29":{"name":"(anonymous_29)","line":372,"loc":{"start":{"line":372,"column":22},"end":{"line":372,"column":49}}},"30":{"name":"(anonymous_30)","line":382,"loc":{"start":{"line":382,"column":49},"end":{"line":382,"column":67}}}},"statementMap":{"1":{"start":{"line":3,"column":0},"end":{"line":5,"column":3}},"2":{"start":{"line":6,"column":0},"end":{"line":6,"column":27}},"3":{"start":{"line":8,"column":0},"end":{"line":8,"column":564}},"4":{"start":{"line":8,"column":33},"end":{"line":8,"column":349}},"5":{"start":{"line":8,"column":76},"end":{"line":8,"column":347}},"6":{"start":{"line":8,"column":117},"end":{"line":8,"column":143}},"7":{"start":{"line":8,"column":144},"end":{"line":8,"column":199}},"8":{"start":{"line":8,"column":200},"end":{"line":8,"column":231}},"9":{"start":{"line":8,"column":232},"end":{"line":8,"column":286}},"10":{"start":{"line":8,"column":259},"end":{"line":8,"column":286}},"11":{"start":{"line":8,"column":287},"end":{"line":8,"column":345}},"12":{"start":{"line":8,"column":350},"end":{"line":8,"column":559}},"13":{"start":{"line":8,"column":407},"end":{"line":8,"column":475}},"14":{"start":{"line":8,"column":423},"end":{"line":8,"column":475}},"15":{"start":{"line":8,"column":476},"end":{"line":8,"column":536}},"16":{"start":{"line":8,"column":493},"end":{"line":8,"column":536}},"17":{"start":{"line":8,"column":537},"end":{"line":8,"column":556}},"18":{"start":{"line":10,"column":0},"end":{"line":10,"column":26}},"19":{"start":{"line":12,"column":0},"end":{"line":12,"column":39}},"20":{"start":{"line":14,"column":0},"end":{"line":14,"column":34}},"21":{"start":{"line":16,"column":0},"end":{"line":16,"column":49}},"22":{"start":{"line":18,"column":0},"end":{"line":18,"column":33}},"23":{"start":{"line":20,"column":0},"end":{"line":20,"column":43}},"24":{"start":{"line":22,"column":0},"end":{"line":22,"column":30}},"25":{"start":{"line":24,"column":0},"end":{"line":24,"column":45}},"26":{"start":{"line":26,"column":0},"end":{"line":26,"column":26}},"27":{"start":{"line":28,"column":0},"end":{"line":28,"column":41}},"28":{"start":{"line":30,"column":0},"end":{"line":30,"column":31}},"29":{"start":{"line":32,"column":0},"end":{"line":32,"column":41}},"30":{"start":{"line":34,"column":0},"end":{"line":34,"column":95}},"31":{"start":{"line":34,"column":39},"end":{"line":34,"column":93}},"32":{"start":{"line":36,"column":0},"end":{"line":36,"column":153}},"33":{"start":{"line":36,"column":50},"end":{"line":36,"column":151}},"34":{"start":{"line":36,"column":92},"end":{"line":36,"column":149}},"35":{"start":{"line":38,"column":0},"end":{"line":55,"column":25}},"36":{"start":{"line":64,"column":0},"end":{"line":105,"column":1}},"37":{"start":{"line":65,"column":1},"end":{"line":66,"column":18}},"38":{"start":{"line":68,"column":1},"end":{"line":68,"column":63}},"39":{"start":{"line":69,"column":1},"end":{"line":69,"column":70}},"40":{"start":{"line":70,"column":1},"end":{"line":70,"column":93}},"41":{"start":{"line":71,"column":1},"end":{"line":71,"column":64}},"42":{"start":{"line":72,"column":1},"end":{"line":72,"column":59}},"43":{"start":{"line":73,"column":1},"end":{"line":73,"column":26}},"44":{"start":{"line":76,"column":1},"end":{"line":96,"column":4}},"45":{"start":{"line":77,"column":2},"end":{"line":77,"column":35}},"46":{"start":{"line":80,"column":2},"end":{"line":83,"column":3}},"47":{"start":{"line":81,"column":3},"end":{"line":81,"column":56}},"48":{"start":{"line":82,"column":3},"end":{"line":82,"column":10}},"49":{"start":{"line":86,"column":2},"end":{"line":89,"column":3}},"50":{"start":{"line":87,"column":3},"end":{"line":87,"column":73}},"51":{"start":{"line":88,"column":3},"end":{"line":88,"column":10}},"52":{"start":{"line":92,"column":2},"end":{"line":95,"column":3}},"53":{"start":{"line":93,"column":3},"end":{"line":93,"column":74}},"54":{"start":{"line":94,"column":3},"end":{"line":94,"column":10}},"55":{"start":{"line":99,"column":1},"end":{"line":102,"column":4}},"56":{"start":{"line":100,"column":2},"end":{"line":100,"column":40}},"57":{"start":{"line":101,"column":2},"end":{"line":101,"column":62}},"58":{"start":{"line":104,"column":1},"end":{"line":104,"column":16}},"59":{"start":{"line":114,"column":0},"end":{"line":164,"column":1}},"60":{"start":{"line":115,"column":1},"end":{"line":119,"column":29}},"61":{"start":{"line":121,"column":1},"end":{"line":161,"column":4}},"62":{"start":{"line":122,"column":2},"end":{"line":129,"column":65}},"63":{"start":{"line":125,"column":3},"end":{"line":125,"column":22}},"64":{"start":{"line":127,"column":3},"end":{"line":127,"column":33}},"65":{"start":{"line":132,"column":2},"end":{"line":138,"column":3}},"66":{"start":{"line":133,"column":3},"end":{"line":133,"column":81}},"67":{"start":{"line":136,"column":3},"end":{"line":136,"column":67}},"68":{"start":{"line":140,"column":2},"end":{"line":153,"column":4}},"69":{"start":{"line":156,"column":2},"end":{"line":158,"column":3}},"70":{"start":{"line":157,"column":3},"end":{"line":157,"column":30}},"71":{"start":{"line":160,"column":2},"end":{"line":160,"column":25}},"72":{"start":{"line":163,"column":1},"end":{"line":163,"column":17}},"73":{"start":{"line":173,"column":0},"end":{"line":208,"column":1}},"74":{"start":{"line":174,"column":1},"end":{"line":174,"column":40}},"75":{"start":{"line":176,"column":1},"end":{"line":207,"column":4}},"76":{"start":{"line":177,"column":2},"end":{"line":177,"column":42}},"77":{"start":{"line":180,"column":2},"end":{"line":186,"column":3}},"78":{"start":{"line":181,"column":3},"end":{"line":183,"column":6}},"79":{"start":{"line":182,"column":4},"end":{"line":182,"column":46}},"80":{"start":{"line":185,"column":3},"end":{"line":185,"column":10}},"81":{"start":{"line":189,"column":2},"end":{"line":206,"column":3}},"82":{"start":{"line":190,"column":3},"end":{"line":203,"column":6}},"83":{"start":{"line":191,"column":4},"end":{"line":191,"column":36}},"84":{"start":{"line":194,"column":4},"end":{"line":197,"column":5}},"85":{"start":{"line":195,"column":5},"end":{"line":195,"column":63}},"86":{"start":{"line":196,"column":5},"end":{"line":196,"column":12}},"87":{"start":{"line":200,"column":4},"end":{"line":202,"column":5}},"88":{"start":{"line":201,"column":5},"end":{"line":201,"column":27}},"89":{"start":{"line":205,"column":3},"end":{"line":205,"column":10}},"90":{"start":{"line":221,"column":0},"end":{"line":268,"column":1}},"91":{"start":{"line":222,"column":1},"end":{"line":225,"column":13}},"92":{"start":{"line":228,"column":1},"end":{"line":230,"column":107}},"93":{"start":{"line":233,"column":1},"end":{"line":237,"column":4}},"94":{"start":{"line":234,"column":2},"end":{"line":236,"column":3}},"95":{"start":{"line":235,"column":3},"end":{"line":235,"column":38}},"96":{"start":{"line":240,"column":1},"end":{"line":242,"column":2}},"97":{"start":{"line":241,"column":2},"end":{"line":241,"column":37}},"98":{"start":{"line":245,"column":1},"end":{"line":245,"column":126}},"99":{"start":{"line":248,"column":1},"end":{"line":248,"column":75}},"100":{"start":{"line":251,"column":1},"end":{"line":253,"column":2}},"101":{"start":{"line":252,"column":2},"end":{"line":252,"column":101}},"102":{"start":{"line":256,"column":1},"end":{"line":258,"column":2}},"103":{"start":{"line":257,"column":2},"end":{"line":257,"column":88}},"104":{"start":{"line":261,"column":1},"end":{"line":263,"column":2}},"105":{"start":{"line":262,"column":2},"end":{"line":262,"column":88}},"106":{"start":{"line":265,"column":1},"end":{"line":265,"column":54}},"107":{"start":{"line":267,"column":1},"end":{"line":267,"column":23}},"108":{"start":{"line":270,"column":0},"end":{"line":396,"column":4}},"109":{"start":{"line":271,"column":1},"end":{"line":276,"column":2}},"110":{"start":{"line":272,"column":2},"end":{"line":272,"column":32}},"111":{"start":{"line":274,"column":2},"end":{"line":274,"column":31}},"112":{"start":{"line":275,"column":2},"end":{"line":275,"column":57}},"113":{"start":{"line":278,"column":1},"end":{"line":393,"column":5}},"114":{"start":{"line":281,"column":3},"end":{"line":285,"column":19}},"115":{"start":{"line":288,"column":3},"end":{"line":309,"column":6}},"116":{"start":{"line":289,"column":4},"end":{"line":291,"column":5}},"117":{"start":{"line":290,"column":5},"end":{"line":290,"column":57}},"118":{"start":{"line":293,"column":4},"end":{"line":295,"column":5}},"119":{"start":{"line":294,"column":5},"end":{"line":294,"column":57}},"120":{"start":{"line":297,"column":4},"end":{"line":297,"column":69}},"121":{"start":{"line":298,"column":4},"end":{"line":298,"column":53}},"122":{"start":{"line":299,"column":4},"end":{"line":299,"column":67}},"123":{"start":{"line":301,"column":4},"end":{"line":301,"column":56}},"124":{"start":{"line":303,"column":4},"end":{"line":308,"column":21}},"125":{"start":{"line":304,"column":5},"end":{"line":304,"column":44}},"126":{"start":{"line":305,"column":5},"end":{"line":305,"column":69}},"127":{"start":{"line":307,"column":5},"end":{"line":307,"column":29}},"128":{"start":{"line":311,"column":3},"end":{"line":331,"column":6}},"129":{"start":{"line":312,"column":4},"end":{"line":330,"column":21}},"130":{"start":{"line":313,"column":5},"end":{"line":315,"column":6}},"131":{"start":{"line":314,"column":6},"end":{"line":314,"column":30}},"132":{"start":{"line":318,"column":5},"end":{"line":320,"column":6}},"133":{"start":{"line":319,"column":6},"end":{"line":319,"column":89}},"134":{"start":{"line":323,"column":5},"end":{"line":323,"column":60}},"135":{"start":{"line":325,"column":5},"end":{"line":329,"column":22}},"136":{"start":{"line":326,"column":6},"end":{"line":326,"column":51}},"137":{"start":{"line":328,"column":6},"end":{"line":328,"column":30}},"138":{"start":{"line":334,"column":3},"end":{"line":334,"column":70}},"139":{"start":{"line":340,"column":3},"end":{"line":340,"column":52}},"140":{"start":{"line":345,"column":3},"end":{"line":345,"column":20}},"141":{"start":{"line":347,"column":3},"end":{"line":351,"column":4}},"142":{"start":{"line":348,"column":4},"end":{"line":348,"column":21}},"143":{"start":{"line":349,"column":4},"end":{"line":349,"column":58}},"144":{"start":{"line":350,"column":4},"end":{"line":350,"column":57}},"145":{"start":{"line":353,"column":3},"end":{"line":356,"column":4}},"146":{"start":{"line":354,"column":4},"end":{"line":354,"column":20}},"147":{"start":{"line":355,"column":4},"end":{"line":355,"column":17}},"148":{"start":{"line":358,"column":3},"end":{"line":363,"column":4}},"149":{"start":{"line":359,"column":4},"end":{"line":359,"column":23}},"150":{"start":{"line":360,"column":4},"end":{"line":360,"column":17}},"151":{"start":{"line":362,"column":4},"end":{"line":362,"column":22}},"152":{"start":{"line":366,"column":3},"end":{"line":366,"column":27}},"153":{"start":{"line":368,"column":3},"end":{"line":369,"column":19}},"154":{"start":{"line":372,"column":3},"end":{"line":388,"column":6}},"155":{"start":{"line":374,"column":4},"end":{"line":374,"column":72}},"156":{"start":{"line":376,"column":4},"end":{"line":376,"column":56}},"157":{"start":{"line":378,"column":4},"end":{"line":380,"column":5}},"158":{"start":{"line":379,"column":5},"end":{"line":379,"column":92}},"159":{"start":{"line":382,"column":4},"end":{"line":387,"column":21}},"160":{"start":{"line":383,"column":5},"end":{"line":383,"column":57}},"161":{"start":{"line":384,"column":5},"end":{"line":384,"column":49}},"162":{"start":{"line":386,"column":5},"end":{"line":386,"column":30}},"163":{"start":{"line":391,"column":3},"end":{"line":391,"column":70}},"164":{"start":{"line":395,"column":1},"end":{"line":395,"column":15}},"165":{"start":{"line":398,"column":0},"end":{"line":398,"column":37}}},"branchMap":{"1":{"line":8,"type":"binary-expr","locations":[{"start":{"line":8,"column":168},"end":{"line":8,"column":189}},{"start":{"line":8,"column":193},"end":{"line":8,"column":198}}]},"2":{"line":8,"type":"if","locations":[{"start":{"line":8,"column":232},"end":{"line":8,"column":232}},{"start":{"line":8,"column":232},"end":{"line":8,"column":232}}]},"3":{"line":8,"type":"if","locations":[{"start":{"line":8,"column":407},"end":{"line":8,"column":407}},{"start":{"line":8,"column":407},"end":{"line":8,"column":407}}]},"4":{"line":8,"type":"if","locations":[{"start":{"line":8,"column":476},"end":{"line":8,"column":476}},{"start":{"line":8,"column":476},"end":{"line":8,"column":476}}]},"5":{"line":34,"type":"cond-expr","locations":[{"start":{"line":34,"column":70},"end":{"line":34,"column":73}},{"start":{"line":34,"column":76},"end":{"line":34,"column":92}}]},"6":{"line":34,"type":"binary-expr","locations":[{"start":{"line":34,"column":46},"end":{"line":34,"column":49}},{"start":{"line":34,"column":53},"end":{"line":34,"column":67}}]},"7":{"line":36,"type":"if","locations":[{"start":{"line":36,"column":50},"end":{"line":36,"column":50}},{"start":{"line":36,"column":50},"end":{"line":36,"column":50}}]},"8":{"line":68,"type":"binary-expr","locations":[{"start":{"line":68,"column":24},"end":{"line":68,"column":48}},{"start":{"line":68,"column":52},"end":{"line":68,"column":54}}]},"9":{"line":71,"type":"binary-expr","locations":[{"start":{"line":71,"column":21},"end":{"line":71,"column":49}},{"start":{"line":71,"column":53},"end":{"line":71,"column":55}}]},"10":{"line":72,"type":"binary-expr","locations":[{"start":{"line":72,"column":18},"end":{"line":72,"column":44}},{"start":{"line":72,"column":48},"end":{"line":72,"column":50}}]},"11":{"line":80,"type":"if","locations":[{"start":{"line":80,"column":2},"end":{"line":80,"column":2}},{"start":{"line":80,"column":2},"end":{"line":80,"column":2}}]},"12":{"line":81,"type":"binary-expr","locations":[{"start":{"line":81,"column":18},"end":{"line":81,"column":41}},{"start":{"line":81,"column":45},"end":{"line":81,"column":47}}]},"13":{"line":86,"type":"if","locations":[{"start":{"line":86,"column":2},"end":{"line":86,"column":2}},{"start":{"line":86,"column":2},"end":{"line":86,"column":2}}]},"14":{"line":86,"type":"binary-expr","locations":[{"start":{"line":86,"column":6},"end":{"line":86,"column":30}},{"start":{"line":86,"column":34},"end":{"line":86,"column":74}}]},"15":{"line":92,"type":"if","locations":[{"start":{"line":92,"column":2},"end":{"line":92,"column":2}},{"start":{"line":92,"column":2},"end":{"line":92,"column":2}}]},"16":{"line":92,"type":"binary-expr","locations":[{"start":{"line":92,"column":6},"end":{"line":92,"column":31}},{"start":{"line":92,"column":35},"end":{"line":92,"column":75}}]},"17":{"line":100,"type":"binary-expr","locations":[{"start":{"line":100,"column":19},"end":{"line":100,"column":33}},{"start":{"line":100,"column":37},"end":{"line":100,"column":39}}]},"18":{"line":101,"type":"binary-expr","locations":[{"start":{"line":101,"column":23},"end":{"line":101,"column":46}},{"start":{"line":101,"column":50},"end":{"line":101,"column":52}}]},"19":{"line":132,"type":"if","locations":[{"start":{"line":132,"column":2},"end":{"line":132,"column":2}},{"start":{"line":132,"column":2},"end":{"line":132,"column":2}}]},"20":{"line":133,"type":"cond-expr","locations":[{"start":{"line":133,"column":26},"end":{"line":133,"column":36}},{"start":{"line":133,"column":39},"end":{"line":133,"column":48}}]},"21":{"line":136,"type":"cond-expr","locations":[{"start":{"line":136,"column":26},"end":{"line":136,"column":34}},{"start":{"line":136,"column":37},"end":{"line":136,"column":44}}]},"22":{"line":146,"type":"binary-expr","locations":[{"start":{"line":146,"column":10},"end":{"line":146,"column":50}},{"start":{"line":146,"column":54},"end":{"line":146,"column":56}}]},"23":{"line":147,"type":"binary-expr","locations":[{"start":{"line":147,"column":28},"end":{"line":147,"column":66}},{"start":{"line":147,"column":70},"end":{"line":147,"column":72}}]},"24":{"line":148,"type":"binary-expr","locations":[{"start":{"line":148,"column":14},"end":{"line":148,"column":52}},{"start":{"line":148,"column":56},"end":{"line":148,"column":58}}]},"25":{"line":149,"type":"binary-expr","locations":[{"start":{"line":149,"column":9},"end":{"line":149,"column":36}},{"start":{"line":149,"column":40},"end":{"line":149,"column":42}}]},"26":{"line":150,"type":"binary-expr","locations":[{"start":{"line":150,"column":11},"end":{"line":150,"column":63}},{"start":{"line":150,"column":67},"end":{"line":150,"column":69}}]},"27":{"line":151,"type":"binary-expr","locations":[{"start":{"line":151,"column":11},"end":{"line":151,"column":50}},{"start":{"line":151,"column":54},"end":{"line":151,"column":56}}]},"28":{"line":156,"type":"if","locations":[{"start":{"line":156,"column":2},"end":{"line":156,"column":2}},{"start":{"line":156,"column":2},"end":{"line":156,"column":2}}]},"29":{"line":156,"type":"binary-expr","locations":[{"start":{"line":156,"column":6},"end":{"line":156,"column":52}},{"start":{"line":156,"column":56},"end":{"line":156,"column":102}}]},"30":{"line":180,"type":"if","locations":[{"start":{"line":180,"column":2},"end":{"line":180,"column":2}},{"start":{"line":180,"column":2},"end":{"line":180,"column":2}}]},"31":{"line":189,"type":"if","locations":[{"start":{"line":189,"column":2},"end":{"line":189,"column":2}},{"start":{"line":189,"column":2},"end":{"line":189,"column":2}}]},"32":{"line":194,"type":"if","locations":[{"start":{"line":194,"column":4},"end":{"line":194,"column":4}},{"start":{"line":194,"column":4},"end":{"line":194,"column":4}}]},"33":{"line":200,"type":"if","locations":[{"start":{"line":200,"column":4},"end":{"line":200,"column":4}},{"start":{"line":200,"column":4},"end":{"line":200,"column":4}}]},"34":{"line":234,"type":"if","locations":[{"start":{"line":234,"column":2},"end":{"line":234,"column":2}},{"start":{"line":234,"column":2},"end":{"line":234,"column":2}}]},"35":{"line":234,"type":"binary-expr","locations":[{"start":{"line":234,"column":6},"end":{"line":234,"column":30}},{"start":{"line":234,"column":34},"end":{"line":234,"column":88}},{"start":{"line":234,"column":92},"end":{"line":234,"column":155}}]},"36":{"line":240,"type":"if","locations":[{"start":{"line":240,"column":1},"end":{"line":240,"column":1}},{"start":{"line":240,"column":1},"end":{"line":240,"column":1}}]},"37":{"line":251,"type":"if","locations":[{"start":{"line":251,"column":1},"end":{"line":251,"column":1}},{"start":{"line":251,"column":1},"end":{"line":251,"column":1}}]},"38":{"line":256,"type":"if","locations":[{"start":{"line":256,"column":1},"end":{"line":256,"column":1}},{"start":{"line":256,"column":1},"end":{"line":256,"column":1}}]},"39":{"line":261,"type":"if","locations":[{"start":{"line":261,"column":1},"end":{"line":261,"column":1}},{"start":{"line":261,"column":1},"end":{"line":261,"column":1}}]},"40":{"line":274,"type":"binary-expr","locations":[{"start":{"line":274,"column":17},"end":{"line":274,"column":24}},{"start":{"line":274,"column":28},"end":{"line":274,"column":30}}]},"41":{"line":289,"type":"if","locations":[{"start":{"line":289,"column":4},"end":{"line":289,"column":4}},{"start":{"line":289,"column":4},"end":{"line":289,"column":4}}]},"42":{"line":293,"type":"if","locations":[{"start":{"line":293,"column":4},"end":{"line":293,"column":4}},{"start":{"line":293,"column":4},"end":{"line":293,"column":4}}]},"43":{"line":293,"type":"binary-expr","locations":[{"start":{"line":293,"column":8},"end":{"line":293,"column":35}},{"start":{"line":293,"column":39},"end":{"line":293,"column":85}}]},"44":{"line":297,"type":"cond-expr","locations":[{"start":{"line":297,"column":47},"end":{"line":297,"column":54}},{"start":{"line":297,"column":57},"end":{"line":297,"column":68}}]},"45":{"line":313,"type":"if","locations":[{"start":{"line":313,"column":5},"end":{"line":313,"column":5}},{"start":{"line":313,"column":5},"end":{"line":313,"column":5}}]},"46":{"line":318,"type":"if","locations":[{"start":{"line":318,"column":5},"end":{"line":318,"column":5}},{"start":{"line":318,"column":5},"end":{"line":318,"column":5}}]},"47":{"line":347,"type":"if","locations":[{"start":{"line":347,"column":3},"end":{"line":347,"column":3}},{"start":{"line":347,"column":3},"end":{"line":347,"column":3}}]},"48":{"line":347,"type":"binary-expr","locations":[{"start":{"line":347,"column":7},"end":{"line":347,"column":34}},{"start":{"line":347,"column":38},"end":{"line":347,"column":81}}]},"49":{"line":349,"type":"cond-expr","locations":[{"start":{"line":349,"column":42},"end":{"line":349,"column":49}},{"start":{"line":349,"column":52},"end":{"line":349,"column":57}}]},"50":{"line":350,"type":"cond-expr","locations":[{"start":{"line":350,"column":44},"end":{"line":350,"column":46}},{"start":{"line":350,"column":49},"end":{"line":350,"column":56}}]},"51":{"line":353,"type":"if","locations":[{"start":{"line":353,"column":3},"end":{"line":353,"column":3}},{"start":{"line":353,"column":3},"end":{"line":353,"column":3}}]},"52":{"line":353,"type":"binary-expr","locations":[{"start":{"line":353,"column":7},"end":{"line":353,"column":47}},{"start":{"line":353,"column":51},"end":{"line":353,"column":78}}]},"53":{"line":358,"type":"if","locations":[{"start":{"line":358,"column":3},"end":{"line":358,"column":3}},{"start":{"line":358,"column":3},"end":{"line":358,"column":3}}]},"54":{"line":366,"type":"binary-expr","locations":[{"start":{"line":366,"column":13},"end":{"line":366,"column":20}},{"start":{"line":366,"column":24},"end":{"line":366,"column":26}}]},"55":{"line":378,"type":"if","locations":[{"start":{"line":378,"column":4},"end":{"line":378,"column":4}},{"start":{"line":378,"column":4},"end":{"line":378,"column":4}}]}},"code":["'use strict';","","Object.defineProperty(exports, \"__esModule\", {","\tvalue: true","});","exports.Client = undefined;","","var _createClass = function () { function defineProperties(target, props) { for (var i = 0; i < props.length; i++) { var descriptor = props[i]; descriptor.enumerable = descriptor.enumerable || false; descriptor.configurable = true; if (\"value\" in descriptor) descriptor.writable = true; Object.defineProperty(target, descriptor.key, descriptor); } } return function (Constructor, protoProps, staticProps) { if (protoProps) defineProperties(Constructor.prototype, protoProps); if (staticProps) defineProperties(Constructor, staticProps); return Constructor; }; }();","","require('babel-polyfill');","","require('source-map-support/register');","","var _cheerio = require('cheerio');","","var _cheerio2 = _interopRequireDefault(_cheerio);","","var _core = require('./core.js');","","var _core2 = _interopRequireDefault(_core);","","var _debug = require('debug');","","var _debug2 = _interopRequireDefault(_debug);","","var _url = require('url');","","var _url2 = _interopRequireDefault(_url);","","var _web = require('./web.js');","","var _web2 = _interopRequireDefault(_web);","","function _interopRequireDefault(obj) { return obj && obj.__esModule ? obj : { default: obj }; }","","function _classCallCheck(instance, Constructor) { if (!(instance instanceof Constructor)) { throw new TypeError(\"Cannot call a class as a function\"); } }","","var debug = (0, _debug2.default)('craigslist'),","    DEFAULT_BASE_HOST = 'craigslist.org',","    DEFAULT_CATEGORY = 'sss',","    DEFAULT_CATEGORY_DETAILS_INDEX = 1,","    DEFAULT_PATH = '/search/',","    DEFAULT_QUERYSTRING = '?sort=rel',","    DEFAULT_REQUEST_OPTIONS = {","\thostname: '',","\tpath: '',","\tsecure: true","},","    QUERY_KEYS = ['category', 'maxAsk', 'minAsk', 'query'],","    QUERY_PARAM_MAX = '&maxAsk=',","    QUERY_PARAM_MIN = '&minAsk=',","    QUERY_PARAM_QUERY = '&query=',","    RE_HTML = /\\.htm(l)?/i,","    RE_QUALIFIED_URL = /^\\/\\/[a-z0-9\\-]*\\.craigslist\\.[a-z]*/i,","    RE_TAGS_MAP = /map/i;","","/**"," * Accepts strong of HTML and parses that string to find key details."," *"," * @param {string} postingUrl - URL that details were loaded from"," * @param {string} markup - Markup from the request to Craigslist"," * @returns {object} details - The processed details from the Craigslist posting"," **/","function _getPostingDetails(postingUrl, markup) {","\tvar $ = _cheerio2.default.load(markup),","\t    details = {};","","\tdetails.description = ($('#postingbody').text() || '').trim();","\tdetails.mapUrl = $('div.mapbox p.mapaddress').find('a').attr('href');","\tdetails.pid = postingUrl.substring(postingUrl.search(/[0-9]*\\.html/)).replace(/\\.html/, '');","\tdetails.replyUrl = ($('#replylink').attr('href') || '').trim();","\tdetails.title = ($('#titletextonly').text() || '').trim();","\tdetails.url = post
[...]
toProps) defineProperties(Constructor.prototype, protoProps); if (staticProps) defineProperties(Constructor, staticProps); return Constructor; }; }();","","require('babel-polyfill');","","require('source-map-support/register');","","var _core = require('./core.js');","","var _core2 = _interopRequireDefault(_core);","","var _debug = require('debug');","","var _debug2 = _interopRequireDefault(_debug);","","var _events = require('events');","","var _events2 = _interopRequireDefault(_events);","","var _http = require('http');","","var _http2 = _interopRequireDefault(_http);","","var _https = require('https');","","var _https2 = _interopRequireDefault(_https);","","var _url = require('url');","","var _url2 = _interopRequireDefault(_url);","","function _interopRequireDefault(obj) { return obj && obj.__esModule ? obj : { default: obj }; }","","function _classCallCheck(instance, Constructor) { if (!(instance instanceof Constructor)) { throw new TypeError(\"Cannot call a class as a function\"); } }","","function _possibleConstructorReturn(self, call) { if (!self) { throw new ReferenceError(\"this hasn't been initialised - super() hasn't been called\"); } return call && (typeof call === \"object\" || typeof call === \"function\") ? call : self; }","","function _inherits(subClass, superClass) { if (typeof superClass !== \"function\" && superClass !== null) { throw new TypeError(\"Super expression must either be null or a function, not \" + typeof superClass); } subClass.prototype = Object.create(superClass && superClass.prototype, { constructor: { value: subClass, enumerable: false, writable: true, configurable: true } }); if (superClass) Object.setPrototypeOf ? Object.setPrototypeOf(subClass, superClass) : subClass.__proto__ = superClass; }","","var debug = (0, _debug2.default)('craigslist'),","    DEFAULT_MAX_REDIRECT_COUNT = 5,","    DEFAULT_RETRY_COUNT = 3,","    DEFAULT_TIMEOUT = 30000,","    EVENT_REDIRECT = 'redirect',","    EVENT_REQUEST = 'request',","    EVENT_RESPONSE = 'response',","    FIRST_TRY = 1,","    HTTP_ERROR_CODE_THRESHHOLD = 400,","    HTTP_ERROR_CODE_RETRY_THRESHHOLD = 500,","","// reference: https://en.wikipedia.org/wiki/List_of_HTTP_status_codes#3xx_Redirection","HTTP_PROXY_REQUIRED = 305,","    HTTP_REDIRECT_CODE_PERM = 301,","    HTTP_REDIRECT_CODE_TEMP = 302,","    HTTP_REDIRECT_NEW_CODE_PERM = 308,","    HTTP_REDIRECT_NEW_CODE_TEMP = 307,","    REQUEST_OPTIONS = ['agent', 'auth', 'family', 'headers', 'host', 'hostname', 'json', 'localAddress', 'maxRetries', 'method', 'path', 'pathname', 'port', 'protocol', 'query', 'rejectUnauthorized', 'maxRetries', 'rawStream', 'secure', 'socketPath', 'timeout'],","    SECURE_PROTOCOL_RE = /^https/i,","    TOP_LEVEL_REDIRECT_RE = /^\\/{2}([a-z0-9\\-\\_\\.]*)([\\/a-z\\-\\_\\.]*)/i;","","function _augmentRequestOptions(options) {","\tvar augmented = {},","","\t/*eslint no-invalid-this:0*/","\tself = this;","","\t// ensure options exist","\toptions = options || {};","","\t// apply settings from Ctor","\tREQUEST_OPTIONS.forEach(function (field) {","\t\tvar value = _core2.default.Validation.coalesce(options[field], self.settings[field]);","","\t\tif (!_core2.default.Validation.isEmpty(value)) {","\t\t\tdebug('request %s will be set to %s (options = %s, settings = %s)', field, value, options[field], self.settings[field]);","\t\t\taugmented[field] = value;","\t\t}","\t});","","\t// ensure maxRetries is applied if one is not supplied","\taugmented.maxRetries = _core2.default.Validation.coalesce(augmented.maxRetries, DEFAULT_RETRY_COUNT);","","\t// ensure rawStream setting is applied if not supplied","\taugmented.rawStream = _core2.default.Validation.isEmpty(augmented.rawStream) ? false : augmented.rawStream;","","\t// ensure default timeout is applied if one is not supplied","\taugmented.timeout = _core2.default.Validation.coalesce(augmented.timeout, DEFAULT_TIMEOUT);","","\t// create `path` from pathname and query.","\taugmented.path = _core2.default.Validation.coalesce(augmented.path, augmented.pathname);","","\treturn augmented;","}","","function _exec(options, data, tryCount, callback) {","\tif (typeof data === 'function' && _core2.default.Validation.isEmpty(callback)) {","\t\tcallback = data;","\t\t/*eslint no-undefined:0*/","\t\tdata = undefined;","\t\ttryCount = FIRST_TRY;","\t}","","\tif (typeof tryCount === 'function' && _core2.default.Validation.isEmpty(callback)) {","\t\tcallback = tryCount;","\t\ttryCount = FIRST_TRY;","\t}","","\tdata = data || '';","\toptions.headers = options.headers || {};","\ttryCount = tryCount || FIRST_TRY;","","\tvar exec = void 0,","\t    redirectCount = 0,","","\t/*eslint no-invalid-this:0*/","\tself = this;","","\texec = new Promise(function (resolve, reject) {","\t\tif (typeof data !== 'string') {","\t\t\tdata = JSON.stringify(data);","\t\t}","","\t\t// apply content length header","\t\toptions.headers['Content-Length'] = Buffer.byteLength(data);","","\t\t// apply application/json header if appropriate","\t\tif (!options.rawStream && options.json && !options.headers['Content-Type']) {","\t\t\toptions.headers['Content-Type'] = 'application/json';","\t\t}","","\t\t// provide request event","\t\tif (self.emit) {","\t\t\tself.emit(EVENT_REQUEST, options);","\t\t}","","\t\tvar makeRequest = function makeRequest() {","\t\t\tdebug('establishing request with options: %o', options);","\t\t\tvar req = (options.secure ? _https2.default : _http2.default).request(options, function (res) {","\t\t\t\tvar chunks = [],","\t\t\t\t    context = {","\t\t\t\t\theaders: res.headers,","\t\t\t\t\tstatusCode: res.statusCode","\t\t\t\t},","\t\t\t\t    redirect = [HTTP_REDIRECT_CODE_PERM, HTTP_REDIRECT_CODE_TEMP, HTTP_REDIRECT_NEW_CODE_PERM, HTTP_REDIRECT_NEW_CODE_TEMP].some(function (code) {","\t\t\t\t\treturn code === context.statusCode;","\t\t\t\t});","","\t\t\t\t// provide response event (as there are response headers)","\t\t\t\tif (self.emit) {","\t\t\t\t\tself.emit(EVENT_RESPONSE, context);","\t\t\t\t}","","\t\t\t\tif (context.statusCode === HTTP_PROXY_REQUIRED) {","\t\t\t\t\tvar err = new Error('proxy server configuration required');","\t\t\t\t\terr.options = options;","\t\t\t\t\terr.response = context;","","\t\t\t\t\tdebug('error: proxy server required: %o', err);","","\t\t\t\t\treturn reject(err);","\t\t\t\t}","","\t\t\t\t// check for HTTP redirect","\t\t\t\tif (redirect) {","\t\t\t\t\tif (_core2.default.Validation.isEmpty(context.headers.location)) {","\t\t\t\t\t\tvar _err = new Error('redirect requested with no location');","\t\t\t\t\t\t_err.options = options;","\t\t\t\t\t\t_err.response = context;","","\t\t\t\t\t\tdebug('error: missing redirect header: %o', _err);","","\t\t\t\t\t\treturn reject(_err);","\t\t\t\t\t}","","\t\t\t\t\tif (redirectCount >= DEFAULT_MAX_REDIRECT_COUNT) {","\t\t\t\t\t\tvar _err2 = new Error('maximum redirect limit exceeded');","\t\t\t\t\t\t_err2.options = options;","\t\t\t\t\t\t_err2.response = context;","","\t\t\t\t\t\tdebug('error: exceeded max number of redirects: %o', _err2);","","\t\t\t\t\t\treturn reject(_err2);","\t\t\t\t\t}","","\t\t\t\t\t// remap options and redirect to supplied URL","\t\t\t\t\tvar redirectUrl = _url2.default.parse(context.headers.location);","","\t\t\t\t\tif (TOP_LEVEL_REDIRECT_RE.test(redirectUrl.pathname)) {","\t\t\t\t\t\tdebug('top level domain detected in location: %o', redirectUrl);","\t\t\t\t\t\tvar pathParts = redirectUrl.pathname.match(TOP_LEVEL_REDIRECT_RE);","","\t\t\t\t\t\t// ensure the hostname is corrected","\t\t\t\t\t\tredirectUrl.host = pathParts[1];","\t\t\t\t\t\tredirectUrl.hostname = pathParts[1];","","\t\t\t\t\t\t// update the path and pathname appropriately","\t\t\t\t\t\tredirectUrl.path = [pathParts[2], redirectUrl.search].join('');","\t\t\t\t\t\tredirectUrl.pathname = pathParts[2];","\t\t\t\t\t}","","\t\t\t\t\toptions = {","\t\t\t\t\t\thost: redirectUrl.host || options.host || options.hostname,","\t\t\t\t\t\tmethod: options.method,","\t\t\t\t\t\tpath: redirectUrl.path,","\t\t\t\t\t\tpathname: redirectUrl.pathname,","\t\t\t\t\t\trawStream: options.rawStream,","\t\t\t\t\t\tsecure: redirectUrl.protocol ? SECURE_PROTOCOL_RE.test(redirectUrl.protocol) : options.secure","\t\t\t\t\t};","","\t\t\t\t\t// increment number of redirects (to avoid endless looping)","\t\t\t\t\tredirectCount++;","","\t\t\t\t\t// emit redirect event","\t\t\t\t\tif (self.emit) {","\t\t\t\t\t\tself.emit(EVENT_REDIRECT, options);","\t\t\t\t\t}","","\t\t\t\t\t// re-request based on the redirect location","\t\t\t\t\treturn setImmediate(makeRequest);","\t\t\t\t}","","\t\t\t\t// for content-api requests (or other raw binary data requests)","\t\t\t\t// rawStream may be set to true - in the event of this, return","\t\t\t\t// the response directly","\t\t\t\tif (options.rawStream) {","\t\t\t\t\tif (context.statusCode >= HTTP_ERROR_CODE_THRESHHOLD) {","\t\t\t\t\t\tvar _err3 = new Error('resource not found');","\t\t\t\t\t\t_err3.context = context;","","\t\t\t\t\t\tdebug('error: unable to process response: %o', context.statusCode);","","\t\t\t\t\t\treturn reject(_err3);","\t\t\t\t\t}","","\t\t\t\t\tdebug('returning response as stream');","","\t\t\t\t\treturn resolve(res);","\t\t\t\t}","","\t\t\t\t// standard API requests flow through below...","\t\t\t\tres.setEncoding('utf-8');","","\t\t\t\tres.on('data', function (chunk) {","\t\t\t\t\treturn chunks.push(chunk);","\t\t\t\t});","","\t\t\t\tres.once('end', function () {","\t\t\t\t\tvar body = chunks.join(''),","\t\t\t\t\t    retry = context.statusCode >= HTTP_ERROR_CODE_RETRY_THRESHHOLD && tryCount <= options.maxRetries;","","\t\t\t\t\t// attempt to parse the body","\t\t\t\t\tif (typeof body === 'string' && body.length && options.json) {","\t\t\t\t\t\ttry {","\t\t\t\t\t\t\tbody = JSON.parse(body);","\t\t\t\t\t\t} catch (err) {","\t\t\t\t\t\t\terr.body = body;","\t\t\t\t\t\t\terr.context = context;","","\t\t\t\t\t\t\tdebug('error: unable to parse JSON response: %o', err);","","\t\t\t\t\t\t\treturn reject(err);","\t\t\t\t\t\t}","\t\t\t\t\t}","","\t\t\t\t\t// handle retry if error code is above threshhold","\t\t\t\t\tif (retry) {","\t\t\t\t\t\tdebug('retry: response status code: %o', context.statusCode);","\t\t\t\t\t\ttryCount += 1;","\t\t\t\t\t\treturn makeRequest();","\t\t\t\t\t}","","\t\t\t\t\t// handle other response errors","\t\t\t\t\tif (context.statusCode >= HTTP_ERROR_CODE_THRESHHOLD) {","\t\t\t\t\t\tvar _err4 = new Error('resource not found');","\t\t\t\t\t\t_err4.body = body;","\t\t\t\t\t\t_err4.context = context;","","\t\t\t\t\t\tdebug('error: resource not found: %o', _err4);","","\t\t\t\t\t\treturn reject(_err4);","\t\t\t\t\t}","","\t\t\t\t\tdebug('successfully completed request');","","\t\t\t\t\t// resolve the request as complete","\t\t\t\t\treturn resolve(body || '');","\t\t\t\t});","\t\t\t});","","\t\t\treq.on('error', function (err) {","\t\t\t\tdebug('error: unable to establish connection: %o', err);","","\t\t\t\t// retry if below retry count threshhold","\t\t\t\tif (tryCount <= options.maxRetries) {","\t\t\t\t\tdebug('retry: %d retries remaining', options.maxRetries - tryCount);","\t\t\t\t\ttryCount += 1;","\t\t\t\t\treturn makeRequest();","\t\t\t\t}","","\t\t\t\treturn reject(err);","\t\t\t});","","\t\t\t// timeout the connection","\t\t\tif (options.timeout) {","\t\t\t\tdebug('setting timeout value to %o', options.timeout);","\t\t\t\treq.setTimeout(options.timeout, req.abort);","\t\t\t}","","\t\t\t// write data to the connection","\t\t\tif (data) {","\t\t\t\tdebug('writing %d bytes of data', options.headers['Content-Length']);","\t\t\t\treq.write(data);","\t\t\t}","","\t\t\t// signal end of request data","\t\t\treq.end();","\t\t};","","\t\t// do it!","\t\tmakeRequest();","\t});","","\treturn _core2.default.Validation.promiseOrCallback(exec, callback);","}","","var Request = exports.Request = function (_events$EventEmitter) {","\t_inherits(Request, _events$EventEmitter);","","\tfunction Request(settings) {","\t\t_classCallCheck(this, Request);","","\t\tvar _this = _possibleConstructorReturn(this, Object.getPrototypeOf(Request).call(this));","","\t\t_this.settings = settings || {};","\t\treturn _this;","\t}","","\t/*"," delete (options, callback) {"," \tdebug('performing DELETE (%o)', options);"," \toptions = this::_augmentRequestOptions(options);"," \toptions.method = 'DELETE';"," \t\treturn this::_exec(options, callback);"," }"," //*/","","\t_createClass(Request, [{","\t\tkey: 'get',","\t\tvalue: function get(options, callback) {","\t\t\tdebug('performing GET (%o)', options);","\t\t\toptions = _augmentRequestOptions.call(this, options);","\t\t\toptions.method = 'GET';","","\t\t\treturn _exec.call(this, options, callback);","\t\t}","\t}, {","\t\tkey: 'getRequestOptions',","\t\tvalue: function getRequestOptions(options) {","\t\t\treturn _augmentRequestOptions.call(this, options);","\t\t}","","\t\t/*","  head (options, callback) {","  \tdebug('performing HEAD (%o)', options);","  \toptions = this::_augmentRequestOptions(options);","  \toptions.method = 'HEAD';","  \t\treturn this::_exec(options, callback);","  }","  //*/","","\t\t/*","  post (options, data, callback) {","  \tdebug('performing POST (%o)', options);","  \toptions = this::_augmentRequestOptions(options);","  \toptions.method = 'POST';","  \t\treturn this::_exec(options, data, callback);","  }","  //*/","","\t\t/*","  put (options, data, callback) {","  \tdebug('performing PUT (%o)', options);","  \toptions = this::_augmentRequestOptions(options);","  \toptions.method = 'PUT';","  \t\treturn this::_exec(options, data, callback);","  }","  //*/","","\t}]);","","\treturn Request;","}(_events2.default.EventEmitter);","","exports.default = { Request: Request };","//# sourceMappingURL=web.js.map",""],"l":{"3":1,"6":1,"8":2,"10":1,"12":1,"14":1,"16":1,"18":1,"20":1,"22":1,"24":1,"26":1,"28":1,"30":1,"32":1,"34":1,"36":1,"38":6,"40":1,"42":1,"44":1,"46":1,"67":1,"68":0,"74":0,"77":0,"78":0,"80":0,"81":0,"82":0,"87":0,"90":0,"93":0,"96":0,"98":0,"101":1,"102":0,"103":0,"105":0,"106":0,"109":0,"110":0,"111":0,"114":0,"115":0,"116":0,"118":0,"124":0,"125":0,"126":0,"130":0,"133":0,"134":0,"138":0,"139":0,"142":0,"143":0,"144":0,"145":0,"151":0,"155":0,"156":0,"159":0,"160":0,"161":0,"162":0,"164":0,"166":0,"170":0,"171":0,"172":0,"173":0,"174":0,"176":0,"178":0,"181":0,"182":0,"183":0,"184":0,"186":0,"188":0,"192":0,"194":0,"195":0,"196":0,"199":0,"200":0,"203":0,"204":0,"207":0,"217":0,"220":0,"221":0,"225":0,"231":0,"232":0,"233":0,"234":0,"236":0,"238":0,"241":0,"243":0,"247":0,"249":0,"250":0,"253":0,"254":0,"258":0,"259":0,"260":0,"262":0,"263":0,"265":0,"267":0,"272":0,"273":0,"274":0,"275":0,"279":0,"280":0,"281":0,"282":0,"284":0,"286":0,"289":0,"292":0,"296":0,"297":0,"300":0,"301":0,"302":0,"303":0,"306":0,"310":0,"311":0,"312":0,"316":0,"317":0,"318":0,"322":0,"326":0,"329":0,"332":1,"333":1,"335":1,"336":0,"338":0,"340":0,"341":0,"353":1,"356":0,"357":0,"358":0,"360":0,"365":0,"397":1,"400":1}},"/home/travis/build/npmtest/node-npmtest-node-craigslist/node_modules/node-craigslist/gulpfile.js":{"path":"/home/travis/build/npmtest/node-npmtest-node-craigslist/node_modules/node-craigslist/gulpfile.js","s":{"1":2,"2":0,"3":0,"4":0,"5":0,"6":0,"7":0,"8":0,"9":0,"10":0,"11":0,"12":0,"13":0,"14":0,"15":0,"16":0,"17":0,"18":0,"19":0},"b":{"1":[0,0]},"f":{"1":0,"2":0,"3":0,"4":0,"5":0,"6":0,"7":0,"8":0},"fnMap":{"1":{"name":"(anonymous_1)","line":27,"loc":{"start":{"line":27,"column":19},"end":{"line":27,"column":39}}},"2":{"name":"(anonymous_2)","line":32,"loc":{"start":{"line":32,"column":42},"end":{"line":32,"column":54}}},"3":{"name":"(anonymous_3)","line":39,"loc":{"start":{"line":39,"column":18},"end":{"line":39,"column":30}}},"4":{"name":"(anonymous_4)","line":48,"loc":{"start":{"line":48,"column":38},"end":{"line":48,"column":50}}},"5":{"name":"(anonymous_5)","line":53,"loc":{"start":{"line":53,"column":16},"end":{"line":53,"column":28}}},"6":{"name":"(anonymous_6)","line":57,"loc":{"start":{"line":57,"column":19},"end":{"line":57,"column":34}}},"7":{"name":"(anonymous_7)","line":70,"loc":{"start":{"line":70,"column":41},"end":{"line":70,"column":53}}},"8":{"name":"(anonymous_8)","line":81,"loc":{"start":{"line":81,"column":34},"end":{"line":81,"column":46}}}},"statementMap":{"1":{"start":{"line":3,"column":0},"end":{"line":12,"column":41}},"2":{"start":{"line":15,"column":0},"end":{"line":24,"column":4}},"3":{"start":{"line":16,"column":2},"end":{"line":23,"column":28}},"4":{"start":{"line":27,"column":0},"end":{"line":29,"column":3}},"5":{"start":{"line":28,"column":1},"end":{"line":28,"column":43}},"6":{"start":{"line":32,"column":0},"end":{"line":36,"column":3}},"7":{"start":{"line":33,"column":1},"end":{"line":35,"column":21}},"8":{"start":{"line":39,"column":0},"end":{"line":45,"column":3}},"9":{"start":{"line":40,"column":1},"end":{"line":44,"column":33}},"10":{"start":{"line":48,"column":0},"end":{"line":67,"column":3}},"11":{"start":{"line":49,"column":1},"end":{"line":66,"column":5}},"12":{"start":{"line":54,"column":3},"end":{"line":65,"column":46}},"13":{"start":{"line":58,"column":7},"end":{"line":60,"column":8}},"14":{"start":{"line":59,"column":8},"end":{"line":59,"column":26}},"15":{"start":{"line":63,"column":7},"end":{"line":63,"column":24}},"16":{"start":{"line":70,"column":0},"end":{"line":78,"column":3}},"17":{"start":{"line":71,"column":1},"end":{"line":77,"column":6}},"18":{"start":{"line":81,"column":0},"end":{"line":89,"column":3}},"19":{"start":{"line":82,"column":1},"end":{"line":88,"column":6}}},"branchMap":{"1":{"line":58,"type":"if","locations":[{"start":{"line":58,"column":7},"end":{"line":58,"column":7}},{"start":{"line":58,"column":7},"end":{"line":58,"column":7}}]}},"code":["'use strict';","","var","\tbabel = require('gulp-babel'),","\tcoveralls = require('gulp-coveralls'),","\tdel = require('del'),","\teslint = require('gulp-eslint'),","\tgulp = require('gulp'),","\tgulpUtil = require('gulp-util'),","\tistanbul = require('gulp-istanbul'),","\tmocha = require('gulp-mocha'),","\tsourcemaps = require('gulp-sourcemaps');","","","gulp.task('build', ['clean'], () => {","\t\treturn gulp","\t\t\t.src('src/**/*.js')","\t\t\t.pipe(sourcemaps.init())","\t\t\t.pipe(babel({","\t\t\t\tpresets : ['es2015', 'stage-0']","\t\t\t}))","\t\t\t.pipe(sourcemaps.write('.'))","\t\t\t.pipe(gulp.dest('dist'));","\t});","","","gulp.task('clean', function (callback) {","\treturn del(['dist', 'reports'], callback);","});","","","gulp.task('coveralls', ['test-coverage'], function () {","\treturn gulp","\t\t.src('reports/lcov.info')","\t\t.pipe(coveralls());","});","","","gulp.task('lint', function () {","\treturn gulp","\t\t.src(['**/*.js', '!dist/**', '!node_modules/**', '!reports/**'])","\t\t.pipe(eslint())","\t\t.pipe(eslint.format())","\t\t.pipe(eslint.failAfterError());","});","","","gulp.task('test-coverage', ['build'], function () {","\treturn gulp","\t\t.src(['./dist/**/*.js'])","\t\t.pipe(istanbul())","\t\t.pipe(istanbul.hookRequire())","\t\t.on('finish', function () {","\t\t\tgulp","\t\t\t\t.src(['./test/lib/**/*.js'])","\t\t\t\t.pipe(mocha({ reporter : 'spec' })","\t\t\t\t\t\t.on('error', function (err) {","\t\t\t\t\t\t\tif (err.showStack) {","\t\t\t\t\t\t\t\tgulpUtil.log(err);","\t\t\t\t\t\t\t}","","\t\t\t\t\t\t\t/*eslint no-invalid-this:0*/","\t\t\t\t\t\t\tthis.emit('end');","\t\t\t\t\t\t}))","\t\t\t\t.pipe(istanbul.writeReports('./reports'));","\t\t});","});","","","gulp.task('test-integration', ['build'], function () {","\treturn gulp","\t\t.src(['./test/integration/**/*.js'], { read : false })","\t\t.pipe(mocha({","\t\t\tcheckLeaks : false,","\t\t\treporter : 'spec',","\t\t\tui : 'bdd'","\t\t}));","});","","","gulp.task('test-unit', ['build'], function () {","\treturn gulp","\t\t.src(['./test/lib/**/*.js'], { read : false })","\t\t.pipe(mocha({","\t\t\tcheckLeaks : true,","\t\t\treporter : 'spec',","\t\t\tui : 'bdd'","\t\t}));","});",""],"l":{"3":2,"15":0,"16":0,"27":0,"28":0,"32":0,"33":0,"39":0,"40":0,"48":0,"49":0,"54":0,"58":0,"59":0,"63":0,"70":0,"71":0,"81":0,"82":0}}}